2021/05/11 22:30:49 main.go:15: test
2021/05/13 02:38:39 todos.go:85: near "where": syntax error
2021/05/13 02:39:01 todos.go:85: near "where": syntax error
2021/05/13 02:39:25 todos.go:85: near "where": syntax error
2021/05/29 21:25:07 users.go:103: table sessions has no column named password
2021/05/29 21:25:07 main.go:19: sql: no rows in result set
2021/05/29 21:25:33 users.go:103: table sessions has no column named password
2021/05/29 21:25:33 main.go:19: sql: no rows in result set
2021/05/29 21:29:05 users.go:103: table sessions has no column named password
2021/05/29 21:29:05 main.go:19: sql: no rows in result set
2021/05/29 21:36:03 users.go:103: table sessions has no column named password
2021/05/29 21:36:03 main.go:19: sql: no rows in result set
2021/05/29 21:53:53 route_auth.go:41: sql: no rows in result set
2021/05/29 21:53:53 server.go:3139: http: superfluous response.WriteHeader call from todo_app/app/controllers.authenticate (route_auth.go:63)
2021/05/30 10:23:16 server.go:3139: http: panic serving [::1]:53487: template: index.html:14: unexpected {{end}}
goroutine 8 [running]:
net/http.(*conn).serve.func1(0xc00010ef00)
	/usr/local/Cellar/go/1.16.3/libexec/src/net/http/server.go:1824 +0x153
panic(0x449c6c0, 0xc000380c20)
	/usr/local/Cellar/go/1.16.3/libexec/src/runtime/panic.go:971 +0x499
text/template.Must(...)
	/usr/local/Cellar/go/1.16.3/libexec/src/text/template/helper.go:25
todo_app/app/controllers.generateHTML(0x4575370, 0xc0000b2d20, 0x0, 0x0, 0xc00034f928, 0x3, 0x3)
	/Users/m117/go/src/todo_app/app/controllers/sever.go:17 +0x2ce
todo_app/app/controllers.index(0x4575370, 0xc0000b2d20, 0xc0000db800)
	/Users/m117/go/src/todo_app/app/controllers/route_main.go:28 +0x385
net/http.HandlerFunc.ServeHTTP(0x451b798, 0x4575370, 0xc0000b2d20, 0xc0000db800)
	/usr/local/Cellar/go/1.16.3/libexec/src/net/http/server.go:2069 +0x44
net/http.(*ServeMux).ServeHTTP(0x4776640, 0x4575370, 0xc0000b2d20, 0xc0000db800)
	/usr/local/Cellar/go/1.16.3/libexec/src/net/http/server.go:2448 +0x1ad
net/http.serverHandler.ServeHTTP(0xc00015a000, 0x4575370, 0xc0000b2d20, 0xc0000db800)
	/usr/local/Cellar/go/1.16.3/libexec/src/net/http/server.go:2887 +0xa3
net/http.(*conn).serve(0xc00010ef00, 0x4575a80, 0xc000024500)
	/usr/local/Cellar/go/1.16.3/libexec/src/net/http/server.go:1952 +0x8cd
created by net/http.(*Server).Serve
	/usr/local/Cellar/go/1.16.3/libexec/src/net/http/server.go:3013 +0x39b
2021/05/30 10:23:16 server.go:3139: http: panic serving [::1]:53486: template: index.html:14: unexpected {{end}}
goroutine 7 [running]:
net/http.(*conn).serve.func1(0xc00010ee60)
	/usr/local/Cellar/go/1.16.3/libexec/src/net/http/server.go:1824 +0x153
panic(0x449c6c0, 0xc00029c4d0)
	/usr/local/Cellar/go/1.16.3/libexec/src/runtime/panic.go:971 +0x499
text/template.Must(...)
	/usr/local/Cellar/go/1.16.3/libexec/src/text/template/helper.go:25
todo_app/app/controllers.generateHTML(0x4575370, 0xc0003d4b60, 0x0, 0x0, 0xc0000d5928, 0x3, 0x3)
	/Users/m117/go/src/todo_app/app/controllers/sever.go:17 +0x2ce
todo_app/app/controllers.index(0x4575370, 0xc0003d4b60, 0xc0003a1600)
	/Users/m117/go/src/todo_app/app/controllers/route_main.go:28 +0x385
net/http.HandlerFunc.ServeHTTP(0x451b798, 0x4575370, 0xc0003d4b60, 0xc0003a1600)
	/usr/local/Cellar/go/1.16.3/libexec/src/net/http/server.go:2069 +0x44
net/http.(*ServeMux).ServeHTTP(0x4776640, 0x4575370, 0xc0003d4b60, 0xc0003a1600)
	/usr/local/Cellar/go/1.16.3/libexec/src/net/http/server.go:2448 +0x1ad
net/http.serverHandler.ServeHTTP(0xc00015a000, 0x4575370, 0xc0003d4b60, 0xc0003a1600)
	/usr/local/Cellar/go/1.16.3/libexec/src/net/http/server.go:2887 +0xa3
net/http.(*conn).serve(0xc00010ee60, 0x4575a80, 0xc000096000)
	/usr/local/Cellar/go/1.16.3/libexec/src/net/http/server.go:1952 +0x8cd
created by net/http.(*Server).Serve
	/usr/local/Cellar/go/1.16.3/libexec/src/net/http/server.go:3013 +0x39b
2021/05/30 10:23:16 server.go:3139: http: panic serving [::1]:53488: template: index.html:14: unexpected {{end}}
goroutine 35 [running]:
net/http.(*conn).serve.func1(0xc000230000)
	/usr/local/Cellar/go/1.16.3/libexec/src/net/http/server.go:1824 +0x153
panic(0x449c6c0, 0xc000380ea0)
	/usr/local/Cellar/go/1.16.3/libexec/src/runtime/panic.go:971 +0x499
text/template.Must(...)
	/usr/local/Cellar/go/1.16.3/libexec/src/text/template/helper.go:25
todo_app/app/controllers.generateHTML(0x4575370, 0xc0002a0620, 0x0, 0x0, 0xc0000d1928, 0x3, 0x3)
	/Users/m117/go/src/todo_app/app/controllers/sever.go:17 +0x2ce
todo_app/app/controllers.index(0x4575370, 0xc0002a0620, 0xc0003a1100)
	/Users/m117/go/src/todo_app/app/controllers/route_main.go:28 +0x385
net/http.HandlerFunc.ServeHTTP(0x451b798, 0x4575370, 0xc0002a0620, 0xc0003a1100)
	/usr/local/Cellar/go/1.16.3/libexec/src/net/http/server.go:2069 +0x44
net/http.(*ServeMux).ServeHTTP(0x4776640, 0x4575370, 0xc0002a0620, 0xc0003a1100)
	/usr/local/Cellar/go/1.16.3/libexec/src/net/http/server.go:2448 +0x1ad
net/http.serverHandler.ServeHTTP(0xc00015a000, 0x4575370, 0xc0002a0620, 0xc0003a1100)
	/usr/local/Cellar/go/1.16.3/libexec/src/net/http/server.go:2887 +0xa3
net/http.(*conn).serve(0xc000230000, 0x4575a80, 0xc000218080)
	/usr/local/Cellar/go/1.16.3/libexec/src/net/http/server.go:1952 +0x8cd
created by net/http.(*Server).Serve
	/usr/local/Cellar/go/1.16.3/libexec/src/net/http/server.go:3013 +0x39b
2021/05/30 10:23:16 server.go:3139: http: panic serving [::1]:53489: template: index.html:14: unexpected {{end}}
goroutine 36 [running]:
net/http.(*conn).serve.func1(0xc0002300a0)
	/usr/local/Cellar/go/1.16.3/libexec/src/net/http/server.go:1824 +0x153
panic(0x449c6c0, 0xc00029c920)
	/usr/local/Cellar/go/1.16.3/libexec/src/runtime/panic.go:971 +0x499
text/template.Must(...)
	/usr/local/Cellar/go/1.16.3/libexec/src/text/template/helper.go:25
todo_app/app/controllers.generateHTML(0x4575370, 0xc0002a0700, 0x0, 0x0, 0xc000245928, 0x3, 0x3)
	/Users/m117/go/src/todo_app/app/controllers/sever.go:17 +0x2ce
todo_app/app/controllers.index(0x4575370, 0xc0002a0700, 0xc000224400)
	/Users/m117/go/src/todo_app/app/controllers/route_main.go:28 +0x385
net/http.HandlerFunc.ServeHTTP(0x451b798, 0x4575370, 0xc0002a0700, 0xc000224400)
	/usr/local/Cellar/go/1.16.3/libexec/src/net/http/server.go:2069 +0x44
net/http.(*ServeMux).ServeHTTP(0x4776640, 0x4575370, 0xc0002a0700, 0xc000224400)
	/usr/local/Cellar/go/1.16.3/libexec/src/net/http/server.go:2448 +0x1ad
net/http.serverHandler.ServeHTTP(0xc00015a000, 0x4575370, 0xc0002a0700, 0xc000224400)
	/usr/local/Cellar/go/1.16.3/libexec/src/net/http/server.go:2887 +0xa3
net/http.(*conn).serve(0xc0002300a0, 0x4575a80, 0xc000218140)
	/usr/local/Cellar/go/1.16.3/libexec/src/net/http/server.go:1952 +0x8cd
created by net/http.(*Server).Serve
	/usr/local/Cellar/go/1.16.3/libexec/src/net/http/server.go:3013 +0x39b
2021/05/30 10:23:16 server.go:3139: http: panic serving [::1]:53802: template: index.html:14: unexpected {{end}}
goroutine 112 [running]:
net/http.(*conn).serve.func1(0xc0003940a0)
	/usr/local/Cellar/go/1.16.3/libexec/src/net/http/server.go:1824 +0x153
panic(0x449c6c0, 0xc000328bf0)
	/usr/local/Cellar/go/1.16.3/libexec/src/runtime/panic.go:971 +0x499
text/template.Must(...)
	/usr/local/Cellar/go/1.16.3/libexec/src/text/template/helper.go:25
todo_app/app/controllers.generateHTML(0x4575370, 0xc0003d4c40, 0x0, 0x0, 0xc000241928, 0x3, 0x3)
	/Users/m117/go/src/todo_app/app/controllers/sever.go:17 +0x2ce
todo_app/app/controllers.index(0x4575370, 0xc0003d4c40, 0xc0003a1700)
	/Users/m117/go/src/todo_app/app/controllers/route_main.go:28 +0x385
net/http.HandlerFunc.ServeHTTP(0x451b798, 0x4575370, 0xc0003d4c40, 0xc0003a1700)
	/usr/local/Cellar/go/1.16.3/libexec/src/net/http/server.go:2069 +0x44
net/http.(*ServeMux).ServeHTTP(0x4776640, 0x4575370, 0xc0003d4c40, 0xc0003a1700)
	/usr/local/Cellar/go/1.16.3/libexec/src/net/http/server.go:2448 +0x1ad
net/http.serverHandler.ServeHTTP(0xc00015a000, 0x4575370, 0xc0003d4c40, 0xc0003a1700)
	/usr/local/Cellar/go/1.16.3/libexec/src/net/http/server.go:2887 +0xa3
net/http.(*conn).serve(0xc0003940a0, 0x4575a80, 0xc0003855c0)
	/usr/local/Cellar/go/1.16.3/libexec/src/net/http/server.go:1952 +0x8cd
created by net/http.(*Server).Serve
	/usr/local/Cellar/go/1.16.3/libexec/src/net/http/server.go:3013 +0x39b
2021/05/30 10:23:17 server.go:3139: http: panic serving [::1]:53808: template: index.html:14: unexpected {{end}}
goroutine 117 [running]:
net/http.(*conn).serve.func1(0xc0002c20a0)
	/usr/local/Cellar/go/1.16.3/libexec/src/net/http/server.go:1824 +0x153
panic(0x449c6c0, 0xc000328e90)
	/usr/local/Cellar/go/1.16.3/libexec/src/runtime/panic.go:971 +0x499
text/template.Must(...)
	/usr/local/Cellar/go/1.16.3/libexec/src/text/template/helper.go:25
todo_app/app/controllers.generateHTML(0x4575370, 0xc0000b2e00, 0x0, 0x0, 0xc000117928, 0x3, 0x3)
	/Users/m117/go/src/todo_app/app/controllers/sever.go:17 +0x2ce
todo_app/app/controllers.index(0x4575370, 0xc0000b2e00, 0xc0000db900)
	/Users/m117/go/src/todo_app/app/controllers/route_main.go:28 +0x385
net/http.HandlerFunc.ServeHTTP(0x451b798, 0x4575370, 0xc0000b2e00, 0xc0000db900)
	/usr/local/Cellar/go/1.16.3/libexec/src/net/http/server.go:2069 +0x44
net/http.(*ServeMux).ServeHTTP(0x4776640, 0x4575370, 0xc0000b2e00, 0xc0000db900)
	/usr/local/Cellar/go/1.16.3/libexec/src/net/http/server.go:2448 +0x1ad
net/http.serverHandler.ServeHTTP(0xc00015a000, 0x4575370, 0xc0000b2e00, 0xc0000db900)
	/usr/local/Cellar/go/1.16.3/libexec/src/net/http/server.go:2887 +0xa3
net/http.(*conn).serve(0xc0002c20a0, 0x4575a80, 0xc000097f80)
	/usr/local/Cellar/go/1.16.3/libexec/src/net/http/server.go:1952 +0x8cd
created by net/http.(*Server).Serve
	/usr/local/Cellar/go/1.16.3/libexec/src/net/http/server.go:3013 +0x39b
2021/05/30 10:23:17 server.go:3139: http: panic serving [::1]:53809: template: index.html:14: unexpected {{end}}
goroutine 118 [running]:
net/http.(*conn).serve.func1(0xc0002c2140)
	/usr/local/Cellar/go/1.16.3/libexec/src/net/http/server.go:1824 +0x153
panic(0x449c6c0, 0xc000328ee0)
	/usr/local/Cellar/go/1.16.3/libexec/src/runtime/panic.go:971 +0x499
text/template.Must(...)
	/usr/local/Cellar/go/1.16.3/libexec/src/text/template/helper.go:25
todo_app/app/controllers.generateHTML(0x4575370, 0xc0003d4d20, 0x0, 0x0, 0xc000241928, 0x3, 0x3)
	/Users/m117/go/src/todo_app/app/controllers/sever.go:17 +0x2ce
todo_app/app/controllers.index(0x4575370, 0xc0003d4d20, 0xc0002aec00)
	/Users/m117/go/src/todo_app/app/controllers/route_main.go:28 +0x385
net/http.HandlerFunc.ServeHTTP(0x451b798, 0x4575370, 0xc0003d4d20, 0xc0002aec00)
	/usr/local/Cellar/go/1.16.3/libexec/src/net/http/server.go:2069 +0x44
net/http.(*ServeMux).ServeHTTP(0x4776640, 0x4575370, 0xc0003d4d20, 0xc0002aec00)
	/usr/local/Cellar/go/1.16.3/libexec/src/net/http/server.go:2448 +0x1ad
net/http.serverHandler.ServeHTTP(0xc00015a000, 0x4575370, 0xc0003d4d20, 0xc0002aec00)
	/usr/local/Cellar/go/1.16.3/libexec/src/net/http/server.go:2887 +0xa3
net/http.(*conn).serve(0xc0002c2140, 0x4575a80, 0xc000298cc0)
	/usr/local/Cellar/go/1.16.3/libexec/src/net/http/server.go:1952 +0x8cd
created by net/http.(*Server).Serve
	/usr/local/Cellar/go/1.16.3/libexec/src/net/http/server.go:3013 +0x39b
2021/05/30 10:23:17 server.go:3139: http: panic serving [::1]:53810: template: index.html:14: unexpected {{end}}
goroutine 119 [running]:
net/http.(*conn).serve.func1(0xc0002c21e0)
	/usr/local/Cellar/go/1.16.3/libexec/src/net/http/server.go:1824 +0x153
panic(0x449c6c0, 0xc00029c990)
	/usr/local/Cellar/go/1.16.3/libexec/src/runtime/panic.go:971 +0x499
text/template.Must(...)
	/usr/local/Cellar/go/1.16.3/libexec/src/text/template/helper.go:25
todo_app/app/controllers.generateHTML(0x4575370, 0xc0000b2ee0, 0x0, 0x0, 0xc000117928, 0x3, 0x3)
	/Users/m117/go/src/todo_app/app/controllers/sever.go:17 +0x2ce
todo_app/app/controllers.index(0x4575370, 0xc0000b2ee0, 0xc0002aed00)
	/Users/m117/go/src/todo_app/app/controllers/route_main.go:28 +0x385
net/http.HandlerFunc.ServeHTTP(0x451b798, 0x4575370, 0xc0000b2ee0, 0xc0002aed00)
	/usr/local/Cellar/go/1.16.3/libexec/src/net/http/server.go:2069 +0x44
net/http.(*ServeMux).ServeHTTP(0x4776640, 0x4575370, 0xc0000b2ee0, 0xc0002aed00)
	/usr/local/Cellar/go/1.16.3/libexec/src/net/http/server.go:2448 +0x1ad
net/http.serverHandler.ServeHTTP(0xc00015a000, 0x4575370, 0xc0000b2ee0, 0xc0002aed00)
	/usr/local/Cellar/go/1.16.3/libexec/src/net/http/server.go:2887 +0xa3
net/http.(*conn).serve(0xc0002c21e0, 0x4575a80, 0xc000298d40)
	/usr/local/Cellar/go/1.16.3/libexec/src/net/http/server.go:1952 +0x8cd
created by net/http.(*Server).Serve
	/usr/local/Cellar/go/1.16.3/libexec/src/net/http/server.go:3013 +0x39b
2021/05/30 10:23:22 server.go:3139: http: panic serving [::1]:53834: template: index.html:14: unexpected {{end}}
goroutine 7 [running]:
net/http.(*conn).serve.func1(0xc00010ee60)
	/usr/local/Cellar/go/1.16.3/libexec/src/net/http/server.go:1824 +0x153
panic(0x449bf60, 0xc00018e280)
	/usr/local/Cellar/go/1.16.3/libexec/src/runtime/panic.go:971 +0x499
text/template.Must(...)
	/usr/local/Cellar/go/1.16.3/libexec/src/text/template/helper.go:25
todo_app/app/controllers.generateHTML(0x4574ef0, 0xc0001ae000, 0x44e16e0, 0xc0001be200, 0xc000111928, 0x3, 0x3)
	/Users/m117/go/src/todo_app/app/controllers/sever.go:17 +0x2ce
todo_app/app/controllers.index(0x4574ef0, 0xc0001ae000, 0xc0000a8000)
	/Users/m117/go/src/todo_app/app/controllers/route_main.go:28 +0x3d9
net/http.HandlerFunc.ServeHTTP(0x451b118, 0x4574ef0, 0xc0001ae000, 0xc0000a8000)
	/usr/local/Cellar/go/1.16.3/libexec/src/net/http/server.go:2069 +0x44
net/http.(*ServeMux).ServeHTTP(0x4776640, 0x4574ef0, 0xc0001ae000, 0xc0000a8000)
	/usr/local/Cellar/go/1.16.3/libexec/src/net/http/server.go:2448 +0x1ad
net/http.serverHandler.ServeHTTP(0xc00015a000, 0x4574ef0, 0xc0001ae000, 0xc0000a8000)
	/usr/local/Cellar/go/1.16.3/libexec/src/net/http/server.go:2887 +0xa3
net/http.(*conn).serve(0xc00010ee60, 0x4575600, 0xc000096000)
	/usr/local/Cellar/go/1.16.3/libexec/src/net/http/server.go:1952 +0x8cd
created by net/http.(*Server).Serve
	/usr/local/Cellar/go/1.16.3/libexec/src/net/http/server.go:3013 +0x39b
2021/05/30 10:23:22 server.go:3139: http: panic serving [::1]:53835: template: index.html:14: unexpected {{end}}
goroutine 8 [running]:
net/http.(*conn).serve.func1(0xc00010ef00)
	/usr/local/Cellar/go/1.16.3/libexec/src/net/http/server.go:1824 +0x153
panic(0x449bf60, 0xc00018e510)
	/usr/local/Cellar/go/1.16.3/libexec/src/runtime/panic.go:971 +0x499
text/template.Must(...)
	/usr/local/Cellar/go/1.16.3/libexec/src/text/template/helper.go:25
todo_app/app/controllers.generateHTML(0x4574ef0, 0xc0001ae0e0, 0x44e16e0, 0xc0001be780, 0xc000111928, 0x3, 0x3)
	/Users/m117/go/src/todo_app/app/controllers/sever.go:17 +0x2ce
todo_app/app/controllers.index(0x4574ef0, 0xc0001ae0e0, 0xc000194000)
	/Users/m117/go/src/todo_app/app/controllers/route_main.go:28 +0x3d9
net/http.HandlerFunc.ServeHTTP(0x451b118, 0x4574ef0, 0xc0001ae0e0, 0xc000194000)
	/usr/local/Cellar/go/1.16.3/libexec/src/net/http/server.go:2069 +0x44
net/http.(*ServeMux).ServeHTTP(0x4776640, 0x4574ef0, 0xc0001ae0e0, 0xc000194000)
	/usr/local/Cellar/go/1.16.3/libexec/src/net/http/server.go:2448 +0x1ad
net/http.serverHandler.ServeHTTP(0xc00015a000, 0x4574ef0, 0xc0001ae0e0, 0xc000194000)
	/usr/local/Cellar/go/1.16.3/libexec/src/net/http/server.go:2887 +0xa3
net/http.(*conn).serve(0xc00010ef00, 0x4575600, 0xc00018c000)
	/usr/local/Cellar/go/1.16.3/libexec/src/net/http/server.go:1952 +0x8cd
created by net/http.(*Server).Serve
	/usr/local/Cellar/go/1.16.3/libexec/src/net/http/server.go:3013 +0x39b
2021/05/30 10:23:22 server.go:3139: http: panic serving [::1]:53836: template: index.html:14: unexpected {{end}}
goroutine 34 [running]:
net/http.(*conn).serve.func1(0xc0000b0000)
	/usr/local/Cellar/go/1.16.3/libexec/src/net/http/server.go:1824 +0x153
panic(0x449bf60, 0xc00018e5f0)
	/usr/local/Cellar/go/1.16.3/libexec/src/runtime/panic.go:971 +0x499
text/template.Must(...)
	/usr/local/Cellar/go/1.16.3/libexec/src/text/template/helper.go:25
todo_app/app/controllers.generateHTML(0x4574ef0, 0xc0000c4000, 0x44e16e0, 0xc0000ac280, 0xc000113928, 0x3, 0x3)
	/Users/m117/go/src/todo_app/app/controllers/sever.go:17 +0x2ce
todo_app/app/controllers.index(0x4574ef0, 0xc0000c4000, 0xc0000a8100)
	/Users/m117/go/src/todo_app/app/controllers/route_main.go:28 +0x3d9
net/http.HandlerFunc.ServeHTTP(0x451b118, 0x4574ef0, 0xc0000c4000, 0xc0000a8100)
	/usr/local/Cellar/go/1.16.3/libexec/src/net/http/server.go:2069 +0x44
net/http.(*ServeMux).ServeHTTP(0x4776640, 0x4574ef0, 0xc0000c4000, 0xc0000a8100)
	/usr/local/Cellar/go/1.16.3/libexec/src/net/http/server.go:2448 +0x1ad
net/http.serverHandler.ServeHTTP(0xc00015a000, 0x4574ef0, 0xc0000c4000, 0xc0000a8100)
	/usr/local/Cellar/go/1.16.3/libexec/src/net/http/server.go:2887 +0xa3
net/http.(*conn).serve(0xc0000b0000, 0x4575600, 0xc0000960c0)
	/usr/local/Cellar/go/1.16.3/libexec/src/net/http/server.go:1952 +0x8cd
created by net/http.(*Server).Serve
	/usr/local/Cellar/go/1.16.3/libexec/src/net/http/server.go:3013 +0x39b
2021/05/30 10:23:52 server.go:3139: http: panic serving [::1]:53964: template: index.html:14: unexpected {{end}}
goroutine 37 [running]:
net/http.(*conn).serve.func1(0xc0000b00a0)
	/usr/local/Cellar/go/1.16.3/libexec/src/net/http/server.go:1824 +0x153
panic(0x449bf60, 0xc000098460)
	/usr/local/Cellar/go/1.16.3/libexec/src/runtime/panic.go:971 +0x499
text/template.Must(...)
	/usr/local/Cellar/go/1.16.3/libexec/src/text/template/helper.go:25
todo_app/app/controllers.generateHTML(0x4574ef0, 0xc0000c40e0, 0x44e16e0, 0xc0000ac680, 0xc0000dd928, 0x3, 0x3)
	/Users/m117/go/src/todo_app/app/controllers/sever.go:17 +0x2ce
todo_app/app/controllers.index(0x4574ef0, 0xc0000c40e0, 0xc000194100)
	/Users/m117/go/src/todo_app/app/controllers/route_main.go:28 +0x3d9
net/http.HandlerFunc.ServeHTTP(0x451b118, 0x4574ef0, 0xc0000c40e0, 0xc000194100)
	/usr/local/Cellar/go/1.16.3/libexec/src/net/http/server.go:2069 +0x44
net/http.(*ServeMux).ServeHTTP(0x4776640, 0x4574ef0, 0xc0000c40e0, 0xc000194100)
	/usr/local/Cellar/go/1.16.3/libexec/src/net/http/server.go:2448 +0x1ad
net/http.serverHandler.ServeHTTP(0xc00015a000, 0x4574ef0, 0xc0000c40e0, 0xc000194100)
	/usr/local/Cellar/go/1.16.3/libexec/src/net/http/server.go:2887 +0xa3
net/http.(*conn).serve(0xc0000b00a0, 0x4575600, 0xc00018c9c0)
	/usr/local/Cellar/go/1.16.3/libexec/src/net/http/server.go:1952 +0x8cd
created by net/http.(*Server).Serve
	/usr/local/Cellar/go/1.16.3/libexec/src/net/http/server.go:3013 +0x39b
2021/05/30 10:23:52 server.go:3139: http: panic serving [::1]:53965: template: index.html:14: unexpected {{end}}
goroutine 38 [running]:
net/http.(*conn).serve.func1(0xc0000b0140)
	/usr/local/Cellar/go/1.16.3/libexec/src/net/http/server.go:1824 +0x153
panic(0x449bf60, 0xc0002900d0)
	/usr/local/Cellar/go/1.16.3/libexec/src/runtime/panic.go:971 +0x499
text/template.Must(...)
	/usr/local/Cellar/go/1.16.3/libexec/src/text/template/helper.go:25
todo_app/app/controllers.generateHTML(0x4574ef0, 0xc0000c41c0, 0x44e16e0, 0xc0000acb80, 0xc0000dd928, 0x3, 0x3)
	/Users/m117/go/src/todo_app/app/controllers/sever.go:17 +0x2ce
todo_app/app/controllers.index(0x4574ef0, 0xc0000c41c0, 0xc0000a8300)
	/Users/m117/go/src/todo_app/app/controllers/route_main.go:28 +0x3d9
net/http.HandlerFunc.ServeHTTP(0x451b118, 0x4574ef0, 0xc0000c41c0, 0xc0000a8300)
	/usr/local/Cellar/go/1.16.3/libexec/src/net/http/server.go:2069 +0x44
net/http.(*ServeMux).ServeHTTP(0x4776640, 0x4574ef0, 0xc0000c41c0, 0xc0000a8300)
	/usr/local/Cellar/go/1.16.3/libexec/src/net/http/server.go:2448 +0x1ad
net/http.serverHandler.ServeHTTP(0xc00015a000, 0x4574ef0, 0xc0000c41c0, 0xc0000a8300)
	/usr/local/Cellar/go/1.16.3/libexec/src/net/http/server.go:2887 +0xa3
net/http.(*conn).serve(0xc0000b0140, 0x4575600, 0xc000096300)
	/usr/local/Cellar/go/1.16.3/libexec/src/net/http/server.go:1952 +0x8cd
created by net/http.(*Server).Serve
	/usr/local/Cellar/go/1.16.3/libexec/src/net/http/server.go:3013 +0x39b
2021/05/30 10:23:52 server.go:3139: http: panic serving [::1]:53966: template: index.html:14: unexpected {{end}}
goroutine 45 [running]:
net/http.(*conn).serve.func1(0xc0000b01e0)
	/usr/local/Cellar/go/1.16.3/libexec/src/net/http/server.go:1824 +0x153
panic(0x449bf60, 0xc0000988a0)
	/usr/local/Cellar/go/1.16.3/libexec/src/runtime/panic.go:971 +0x499
text/template.Must(...)
	/usr/local/Cellar/go/1.16.3/libexec/src/text/template/helper.go:25
todo_app/app/controllers.generateHTML(0x4574ef0, 0xc0000c42a0, 0x44e16e0, 0xc0000acf00, 0xc0000dd928, 0x3, 0x3)
	/Users/m117/go/src/todo_app/app/controllers/sever.go:17 +0x2ce
todo_app/app/controllers.index(0x4574ef0, 0xc0000c42a0, 0xc0000a8400)
	/Users/m117/go/src/todo_app/app/controllers/route_main.go:28 +0x3d9
net/http.HandlerFunc.ServeHTTP(0x451b118, 0x4574ef0, 0xc0000c42a0, 0xc0000a8400)
	/usr/local/Cellar/go/1.16.3/libexec/src/net/http/server.go:2069 +0x44
net/http.(*ServeMux).ServeHTTP(0x4776640, 0x4574ef0, 0xc0000c42a0, 0xc0000a8400)
	/usr/local/Cellar/go/1.16.3/libexec/src/net/http/server.go:2448 +0x1ad
net/http.serverHandler.ServeHTTP(0xc00015a000, 0x4574ef0, 0xc0000c42a0, 0xc0000a8400)
	/usr/local/Cellar/go/1.16.3/libexec/src/net/http/server.go:2887 +0xa3
net/http.(*conn).serve(0xc0000b01e0, 0x4575600, 0xc000096940)
	/usr/local/Cellar/go/1.16.3/libexec/src/net/http/server.go:1952 +0x8cd
created by net/http.(*Server).Serve
	/usr/local/Cellar/go/1.16.3/libexec/src/net/http/server.go:3013 +0x39b
2021/05/30 10:24:44 server.go:3139: http: panic serving [::1]:54176: template: index.html:12: unexpected {{end}}
goroutine 66 [running]:
net/http.(*conn).serve.func1(0xc0000b0280)
	/usr/local/Cellar/go/1.16.3/libexec/src/net/http/server.go:1824 +0x153
panic(0x449bf60, 0xc000098b50)
	/usr/local/Cellar/go/1.16.3/libexec/src/runtime/panic.go:971 +0x499
text/template.Must(...)
	/usr/local/Cellar/go/1.16.3/libexec/src/text/template/helper.go:25
todo_app/app/controllers.generateHTML(0x4574ef0, 0xc0000c4380, 0x44e16e0, 0xc0000ad480, 0xc0000dd928, 0x3, 0x3)
	/Users/m117/go/src/todo_app/app/controllers/sever.go:17 +0x2ce
todo_app/app/controllers.index(0x4574ef0, 0xc0000c4380, 0xc0000a8500)
	/Users/m117/go/src/todo_app/app/controllers/route_main.go:28 +0x3d9
net/http.HandlerFunc.ServeHTTP(0x451b118, 0x4574ef0, 0xc0000c4380, 0xc0000a8500)
	/usr/local/Cellar/go/1.16.3/libexec/src/net/http/server.go:2069 +0x44
net/http.(*ServeMux).ServeHTTP(0x4776640, 0x4574ef0, 0xc0000c4380, 0xc0000a8500)
	/usr/local/Cellar/go/1.16.3/libexec/src/net/http/server.go:2448 +0x1ad
net/http.serverHandler.ServeHTTP(0xc00015a000, 0x4574ef0, 0xc0000c4380, 0xc0000a8500)
	/usr/local/Cellar/go/1.16.3/libexec/src/net/http/server.go:2887 +0xa3
net/http.(*conn).serve(0xc0000b0280, 0x4575600, 0xc000096d40)
	/usr/local/Cellar/go/1.16.3/libexec/src/net/http/server.go:1952 +0x8cd
created by net/http.(*Server).Serve
	/usr/local/Cellar/go/1.16.3/libexec/src/net/http/server.go:3013 +0x39b
2021/05/30 10:24:44 server.go:3139: http: panic serving [::1]:54177: template: index.html:12: unexpected {{end}}
goroutine 67 [running]:
net/http.(*conn).serve.func1(0xc0000b0320)
	/usr/local/Cellar/go/1.16.3/libexec/src/net/http/server.go:1824 +0x153
panic(0x449bf60, 0xc000098de0)
	/usr/local/Cellar/go/1.16.3/libexec/src/runtime/panic.go:971 +0x499
text/template.Must(...)
	/usr/local/Cellar/go/1.16.3/libexec/src/text/template/helper.go:25
todo_app/app/controllers.generateHTML(0x4574ef0, 0xc0000c4460, 0x44e16e0, 0xc0000ad900, 0xc0000dd928, 0x3, 0x3)
	/Users/m117/go/src/todo_app/app/controllers/sever.go:17 +0x2ce
todo_app/app/controllers.index(0x4574ef0, 0xc0000c4460, 0xc0000a8600)
	/Users/m117/go/src/todo_app/app/controllers/route_main.go:28 +0x3d9
net/http.HandlerFunc.ServeHTTP(0x451b118, 0x4574ef0, 0xc0000c4460, 0xc0000a8600)
	/usr/local/Cellar/go/1.16.3/libexec/src/net/http/server.go:2069 +0x44
net/http.(*ServeMux).ServeHTTP(0x4776640, 0x4574ef0, 0xc0000c4460, 0xc0000a8600)
	/usr/local/Cellar/go/1.16.3/libexec/src/net/http/server.go:2448 +0x1ad
net/http.serverHandler.ServeHTTP(0xc00015a000, 0x4574ef0, 0xc0000c4460, 0xc0000a8600)
	/usr/local/Cellar/go/1.16.3/libexec/src/net/http/server.go:2887 +0xa3
net/http.(*conn).serve(0xc0000b0320, 0x4575600, 0xc000096dc0)
	/usr/local/Cellar/go/1.16.3/libexec/src/net/http/server.go:1952 +0x8cd
created by net/http.(*Server).Serve
	/usr/local/Cellar/go/1.16.3/libexec/src/net/http/server.go:3013 +0x39b
2021/05/30 10:24:44 server.go:3139: http: panic serving [::1]:54178: template: index.html:12: unexpected {{end}}
goroutine 52 [running]:
net/http.(*conn).serve.func1(0xc0002d0000)
	/usr/local/Cellar/go/1.16.3/libexec/src/net/http/server.go:1824 +0x153
panic(0x449bf60, 0xc000290370)
	/usr/local/Cellar/go/1.16.3/libexec/src/runtime/panic.go:971 +0x499
text/template.Must(...)
	/usr/local/Cellar/go/1.16.3/libexec/src/text/template/helper.go:25
todo_app/app/controllers.generateHTML(0x4574ef0, 0xc0002de000, 0x44e16e0, 0xc0002aa500, 0xc0000d9928, 0x3, 0x3)
	/Users/m117/go/src/todo_app/app/controllers/sever.go:17 +0x2ce
todo_app/app/controllers.index(0x4574ef0, 0xc0002de000, 0xc0002d2000)
	/Users/m117/go/src/todo_app/app/controllers/route_main.go:28 +0x3d9
net/http.HandlerFunc.ServeHTTP(0x451b118, 0x4574ef0, 0xc0002de000, 0xc0002d2000)
	/usr/local/Cellar/go/1.16.3/libexec/src/net/http/server.go:2069 +0x44
net/http.(*ServeMux).ServeHTTP(0x4776640, 0x4574ef0, 0xc0002de000, 0xc0002d2000)
	/usr/local/Cellar/go/1.16.3/libexec/src/net/http/server.go:2448 +0x1ad
net/http.serverHandler.ServeHTTP(0xc00015a000, 0x4574ef0, 0xc0002de000, 0xc0002d2000)
	/usr/local/Cellar/go/1.16.3/libexec/src/net/http/server.go:2887 +0xa3
net/http.(*conn).serve(0xc0002d0000, 0x4575600, 0xc0002a4140)
	/usr/local/Cellar/go/1.16.3/libexec/src/net/http/server.go:1952 +0x8cd
created by net/http.(*Server).Serve
	/usr/local/Cellar/go/1.16.3/libexec/src/net/http/server.go:3013 +0x39b
2021/05/30 10:24:51 server.go:3139: http: panic serving [::1]:54215: template: index.html:12: unexpected {{end}}
goroutine 20 [running]:
net/http.(*conn).serve.func1(0xc00013ae60)
	/usr/local/Cellar/go/1.16.3/libexec/src/net/http/server.go:1824 +0x153
panic(0x449bf60, 0xc000218280)
	/usr/local/Cellar/go/1.16.3/libexec/src/runtime/panic.go:971 +0x499
text/template.Must(...)
	/usr/local/Cellar/go/1.16.3/libexec/src/text/template/helper.go:25
todo_app/app/controllers.generateHTML(0x4574ef0, 0xc000236000, 0x44e16e0, 0xc000202300, 0xc00013d928, 0x3, 0x3)
	/Users/m117/go/src/todo_app/app/controllers/sever.go:17 +0x2ce
todo_app/app/controllers.index(0x4574ef0, 0xc000236000, 0xc0000b0000)
	/Users/m117/go/src/todo_app/app/controllers/route_main.go:28 +0x3d9
net/http.HandlerFunc.ServeHTTP(0x451b118, 0x4574ef0, 0xc000236000, 0xc0000b0000)
	/usr/local/Cellar/go/1.16.3/libexec/src/net/http/server.go:2069 +0x44
net/http.(*ServeMux).ServeHTTP(0x4776640, 0x4574ef0, 0xc000236000, 0xc0000b0000)
	/usr/local/Cellar/go/1.16.3/libexec/src/net/http/server.go:2448 +0x1ad
net/http.serverHandler.ServeHTTP(0xc00018e000, 0x4574ef0, 0xc000236000, 0xc0000b0000)
	/usr/local/Cellar/go/1.16.3/libexec/src/net/http/server.go:2887 +0xa3
net/http.(*conn).serve(0xc00013ae60, 0x4575600, 0xc00009e000)
	/usr/local/Cellar/go/1.16.3/libexec/src/net/http/server.go:1952 +0x8cd
created by net/http.(*Server).Serve
	/usr/local/Cellar/go/1.16.3/libexec/src/net/http/server.go:3013 +0x39b
2021/05/30 10:24:51 server.go:3139: http: panic serving [::1]:54216: template: index.html:12: unexpected {{end}}
goroutine 34 [running]:
net/http.(*conn).serve.func1(0xc000208000)
	/usr/local/Cellar/go/1.16.3/libexec/src/net/http/server.go:1824 +0x153
panic(0x449bf60, 0xc000012290)
	/usr/local/Cellar/go/1.16.3/libexec/src/runtime/panic.go:971 +0x499
text/template.Must(...)
	/usr/local/Cellar/go/1.16.3/libexec/src/text/template/helper.go:25
todo_app/app/controllers.generateHTML(0x4574ef0, 0xc000282000, 0x44e16e0, 0xc000292200, 0xc00028f928, 0x3, 0x3)
	/Users/m117/go/src/todo_app/app/controllers/sever.go:17 +0x2ce
todo_app/app/controllers.index(0x4574ef0, 0xc000282000, 0xc00021e000)
	/Users/m117/go/src/todo_app/app/controllers/route_main.go:28 +0x3d9
net/http.HandlerFunc.ServeHTTP(0x451b118, 0x4574ef0, 0xc000282000, 0xc00021e000)
	/usr/local/Cellar/go/1.16.3/libexec/src/net/http/server.go:2069 +0x44
net/http.(*ServeMux).ServeHTTP(0x4776640, 0x4574ef0, 0xc000282000, 0xc00021e000)
	/usr/local/Cellar/go/1.16.3/libexec/src/net/http/server.go:2448 +0x1ad
net/http.serverHandler.ServeHTTP(0xc00018e000, 0x4574ef0, 0xc000282000, 0xc00021e000)
	/usr/local/Cellar/go/1.16.3/libexec/src/net/http/server.go:2887 +0xa3
net/http.(*conn).serve(0xc000208000, 0x4575600, 0xc000216000)
	/usr/local/Cellar/go/1.16.3/libexec/src/net/http/server.go:1952 +0x8cd
created by net/http.(*Server).Serve
	/usr/local/Cellar/go/1.16.3/libexec/src/net/http/server.go:3013 +0x39b
2021/05/30 10:24:51 server.go:3139: http: panic serving [::1]:54217: template: index.html:12: unexpected {{end}}
goroutine 9 [running]:
net/http.(*conn).serve.func1(0xc0002b4000)
	/usr/local/Cellar/go/1.16.3/libexec/src/net/http/server.go:1824 +0x153
panic(0x449bf60, 0xc000012520)
	/usr/local/Cellar/go/1.16.3/libexec/src/runtime/panic.go:971 +0x499
text/template.Must(...)
	/usr/local/Cellar/go/1.16.3/libexec/src/text/template/helper.go:25
todo_app/app/controllers.generateHTML(0x4574ef0, 0xc0002820e0, 0x44e16e0, 0xc000292700, 0xc00028f928, 0x3, 0x3)
	/Users/m117/go/src/todo_app/app/controllers/sever.go:17 +0x2ce
todo_app/app/controllers.index(0x4574ef0, 0xc0002820e0, 0xc0002b6000)
	/Users/m117/go/src/todo_app/app/controllers/route_main.go:28 +0x3d9
net/http.HandlerFunc.ServeHTTP(0x451b118, 0x4574ef0, 0xc0002820e0, 0xc0002b6000)
	/usr/local/Cellar/go/1.16.3/libexec/src/net/http/server.go:2069 +0x44
net/http.(*ServeMux).ServeHTTP(0x4776640, 0x4574ef0, 0xc0002820e0, 0xc0002b6000)
	/usr/local/Cellar/go/1.16.3/libexec/src/net/http/server.go:2448 +0x1ad
net/http.serverHandler.ServeHTTP(0xc00018e000, 0x4574ef0, 0xc0002820e0, 0xc0002b6000)
	/usr/local/Cellar/go/1.16.3/libexec/src/net/http/server.go:2887 +0xa3
net/http.(*conn).serve(0xc0002b4000, 0x4575600, 0xc000024400)
	/usr/local/Cellar/go/1.16.3/libexec/src/net/http/server.go:1952 +0x8cd
created by net/http.(*Server).Serve
	/usr/local/Cellar/go/1.16.3/libexec/src/net/http/server.go:3013 +0x39b
2021/05/30 10:24:52 server.go:3139: http: panic serving [::1]:54222: template: index.html:12: unexpected {{end}}
goroutine 39 [running]:
net/http.(*conn).serve.func1(0xc0002080a0)
	/usr/local/Cellar/go/1.16.3/libexec/src/net/http/server.go:1824 +0x153
panic(0x449bf60, 0xc0000127d0)
	/usr/local/Cellar/go/1.16.3/libexec/src/runtime/panic.go:971 +0x499
text/template.Must(...)
	/usr/local/Cellar/go/1.16.3/libexec/src/text/template/helper.go:25
todo_app/app/controllers.generateHTML(0x4574ef0, 0xc0002821c0, 0x44e16e0, 0xc000292b80, 0xc00028f928, 0x3, 0x3)
	/Users/m117/go/src/todo_app/app/controllers/sever.go:17 +0x2ce
todo_app/app/controllers.index(0x4574ef0, 0xc0002821c0, 0xc0002b6200)
	/Users/m117/go/src/todo_app/app/controllers/route_main.go:28 +0x3d9
net/http.HandlerFunc.ServeHTTP(0x451b118, 0x4574ef0, 0xc0002821c0, 0xc0002b6200)
	/usr/local/Cellar/go/1.16.3/libexec/src/net/http/server.go:2069 +0x44
net/http.(*ServeMux).ServeHTTP(0x4776640, 0x4574ef0, 0xc0002821c0, 0xc0002b6200)
	/usr/local/Cellar/go/1.16.3/libexec/src/net/http/server.go:2448 +0x1ad
net/http.serverHandler.ServeHTTP(0xc00018e000, 0x4574ef0, 0xc0002821c0, 0xc0002b6200)
	/usr/local/Cellar/go/1.16.3/libexec/src/net/http/server.go:2887 +0xa3
net/http.(*conn).serve(0xc0002080a0, 0x4575600, 0xc0000247c0)
	/usr/local/Cellar/go/1.16.3/libexec/src/net/http/server.go:1952 +0x8cd
created by net/http.(*Server).Serve
	/usr/local/Cellar/go/1.16.3/libexec/src/net/http/server.go:3013 +0x39b
2021/05/30 10:24:52 server.go:3139: http: panic serving [::1]:54223: template: index.html:12: unexpected {{end}}
goroutine 14 [running]:
net/http.(*conn).serve.func1(0xc0002b40a0)
	/usr/local/Cellar/go/1.16.3/libexec/src/net/http/server.go:1824 +0x153
panic(0x449bf60, 0xc000218510)
	/usr/local/Cellar/go/1.16.3/libexec/src/runtime/panic.go:971 +0x499
text/template.Must(...)
	/usr/local/Cellar/go/1.16.3/libexec/src/text/template/helper.go:25
todo_app/app/controllers.generateHTML(0x4574ef0, 0xc0002360e0, 0x44e16e0, 0xc000202900, 0xc00013d928, 0x3, 0x3)
	/Users/m117/go/src/todo_app/app/controllers/sever.go:17 +0x2ce
todo_app/app/controllers.index(0x4574ef0, 0xc0002360e0, 0xc0002b6300)
	/Users/m117/go/src/todo_app/app/controllers/route_main.go:28 +0x3d9
net/http.HandlerFunc.ServeHTTP(0x451b118, 0x4574ef0, 0xc0002360e0, 0xc0002b6300)
	/usr/local/Cellar/go/1.16.3/libexec/src/net/http/server.go:2069 +0x44
net/http.(*ServeMux).ServeHTTP(0x4776640, 0x4574ef0, 0xc0002360e0, 0xc0002b6300)
	/usr/local/Cellar/go/1.16.3/libexec/src/net/http/server.go:2448 +0x1ad
net/http.serverHandler.ServeHTTP(0xc00018e000, 0x4574ef0, 0xc0002360e0, 0xc0002b6300)
	/usr/local/Cellar/go/1.16.3/libexec/src/net/http/server.go:2887 +0xa3
net/http.(*conn).serve(0xc0002b40a0, 0x4575600, 0xc000024840)
	/usr/local/Cellar/go/1.16.3/libexec/src/net/http/server.go:1952 +0x8cd
created by net/http.(*Server).Serve
	/usr/local/Cellar/go/1.16.3/libexec/src/net/http/server.go:3013 +0x39b
2021/05/30 10:24:52 server.go:3139: http: panic serving [::1]:54224: template: index.html:12: unexpected {{end}}
goroutine 44 [running]:
net/http.(*conn).serve.func1(0xc000208140)
	/usr/local/Cellar/go/1.16.3/libexec/src/net/http/server.go:1824 +0x153
panic(0x449bf60, 0xc0002187b0)
	/usr/local/Cellar/go/1.16.3/libexec/src/runtime/panic.go:971 +0x499
text/template.Must(...)
	/usr/local/Cellar/go/1.16.3/libexec/src/text/template/helper.go:25
todo_app/app/controllers.generateHTML(0x4574ef0, 0xc0002361c0, 0x44e16e0, 0xc000202f00, 0xc00013d928, 0x3, 0x3)
	/Users/m117/go/src/todo_app/app/controllers/sever.go:17 +0x2ce
todo_app/app/controllers.index(0x4574ef0, 0xc0002361c0, 0xc00021e100)
	/Users/m117/go/src/todo_app/app/controllers/route_main.go:28 +0x3d9
net/http.HandlerFunc.ServeHTTP(0x451b118, 0x4574ef0, 0xc0002361c0, 0xc00021e100)
	/usr/local/Cellar/go/1.16.3/libexec/src/net/http/server.go:2069 +0x44
net/http.(*ServeMux).ServeHTTP(0x4776640, 0x4574ef0, 0xc0002361c0, 0xc00021e100)
	/usr/local/Cellar/go/1.16.3/libexec/src/net/http/server.go:2448 +0x1ad
net/http.serverHandler.ServeHTTP(0xc00018e000, 0x4574ef0, 0xc0002361c0, 0xc00021e100)
	/usr/local/Cellar/go/1.16.3/libexec/src/net/http/server.go:2887 +0xa3
net/http.(*conn).serve(0xc000208140, 0x4575600, 0xc000216800)
	/usr/local/Cellar/go/1.16.3/libexec/src/net/http/server.go:1952 +0x8cd
created by net/http.(*Server).Serve
	/usr/local/Cellar/go/1.16.3/libexec/src/net/http/server.go:3013 +0x39b
2021/05/30 10:24:52 server.go:3139: http: panic serving [::1]:54225: template: index.html:12: unexpected {{end}}
goroutine 49 [running]:
net/http.(*conn).serve.func1(0xc0002081e0)
	/usr/local/Cellar/go/1.16.3/libexec/src/net/http/server.go:1824 +0x153
panic(0x449bf60, 0xc000012a60)
	/usr/local/Cellar/go/1.16.3/libexec/src/runtime/panic.go:971 +0x499
text/template.Must(...)
	/usr/local/Cellar/go/1.16.3/libexec/src/text/template/helper.go:25
todo_app/app/controllers.generateHTML(0x4574ef0, 0xc0002822a0, 0x44e16e0, 0xc000293080, 0xc00028f928, 0x3, 0x3)
	/Users/m117/go/src/todo_app/app/controllers/sever.go:17 +0x2ce
todo_app/app/controllers.index(0x4574ef0, 0xc0002822a0, 0xc00021e200)
	/Users/m117/go/src/todo_app/app/controllers/route_main.go:28 +0x3d9
net/http.HandlerFunc.ServeHTTP(0x451b118, 0x4574ef0, 0xc0002822a0, 0xc00021e200)
	/usr/local/Cellar/go/1.16.3/libexec/src/net/http/server.go:2069 +0x44
net/http.(*ServeMux).ServeHTTP(0x4776640, 0x4574ef0, 0xc0002822a0, 0xc00021e200)
	/usr/local/Cellar/go/1.16.3/libexec/src/net/http/server.go:2448 +0x1ad
net/http.serverHandler.ServeHTTP(0xc00018e000, 0x4574ef0, 0xc0002822a0, 0xc00021e200)
	/usr/local/Cellar/go/1.16.3/libexec/src/net/http/server.go:2887 +0xa3
net/http.(*conn).serve(0xc0002081e0, 0x4575600, 0xc000216c00)
	/usr/local/Cellar/go/1.16.3/libexec/src/net/http/server.go:1952 +0x8cd
created by net/http.(*Server).Serve
	/usr/local/Cellar/go/1.16.3/libexec/src/net/http/server.go:3013 +0x39b
2021/05/30 10:24:52 server.go:3139: http: panic serving [::1]:54226: template: index.html:12: unexpected {{end}}
goroutine 66 [running]:
net/http.(*conn).serve.func1(0xc0000bc000)
	/usr/local/Cellar/go/1.16.3/libexec/src/net/http/server.go:1824 +0x153
panic(0x449bf60, 0xc000012b40)
	/usr/local/Cellar/go/1.16.3/libexec/src/runtime/panic.go:971 +0x499
text/template.Must(...)
	/usr/local/Cellar/go/1.16.3/libexec/src/text/template/helper.go:25
todo_app/app/controllers.generateHTML(0x4574ef0, 0xc0002362a0, 0x44e16e0, 0xc000203400, 0xc00013d928, 0x3, 0x3)
	/Users/m117/go/src/todo_app/app/controllers/sever.go:17 +0x2ce
todo_app/app/controllers.index(0x4574ef0, 0xc0002362a0, 0xc00021e300)
	/Users/m117/go/src/todo_app/app/controllers/route_main.go:28 +0x3d9
net/http.HandlerFunc.ServeHTTP(0x451b118, 0x4574ef0, 0xc0002362a0, 0xc00021e300)
	/usr/local/Cellar/go/1.16.3/libexec/src/net/http/server.go:2069 +0x44
net/http.(*ServeMux).ServeHTTP(0x4776640, 0x4574ef0, 0xc0002362a0, 0xc00021e300)
	/usr/local/Cellar/go/1.16.3/libexec/src/net/http/server.go:2448 +0x1ad
net/http.serverHandler.ServeHTTP(0xc00018e000, 0x4574ef0, 0xc0002362a0, 0xc00021e300)
	/usr/local/Cellar/go/1.16.3/libexec/src/net/http/server.go:2887 +0xa3
net/http.(*conn).serve(0xc0000bc000, 0x4575600, 0xc000216c80)
	/usr/local/Cellar/go/1.16.3/libexec/src/net/http/server.go:1952 +0x8cd
created by net/http.(*Server).Serve
	/usr/local/Cellar/go/1.16.3/libexec/src/net/http/server.go:3013 +0x39b
2021/05/30 10:24:52 server.go:3139: http: panic serving [::1]:54227: template: index.html:12: unexpected {{end}}
goroutine 84 [running]:
net/http.(*conn).serve.func1(0xc000208280)
	/usr/local/Cellar/go/1.16.3/libexec/src/net/http/server.go:1824 +0x153
panic(0x449bf60, 0xc000218c20)
	/usr/local/Cellar/go/1.16.3/libexec/src/runtime/panic.go:971 +0x499
text/template.Must(...)
	/usr/local/Cellar/go/1.16.3/libexec/src/text/template/helper.go:25
todo_app/app/controllers.generateHTML(0x4574ef0, 0xc000236380, 0x44e16e0, 0xc000203780, 0xc00028b928, 0x3, 0x3)
	/Users/m117/go/src/todo_app/app/controllers/sever.go:17 +0x2ce
todo_app/app/controllers.index(0x4574ef0, 0xc000236380, 0xc00021e400)
	/Users/m117/go/src/todo_app/app/controllers/route_main.go:28 +0x3d9
net/http.HandlerFunc.ServeHTTP(0x451b118, 0x4574ef0, 0xc000236380, 0xc00021e400)
	/usr/local/Cellar/go/1.16.3/libexec/src/net/http/server.go:2069 +0x44
net/http.(*ServeMux).ServeHTTP(0x4776640, 0x4574ef0, 0xc000236380, 0xc00021e400)
	/usr/local/Cellar/go/1.16.3/libexec/src/net/http/server.go:2448 +0x1ad
net/http.serverHandler.ServeHTTP(0xc00018e000, 0x4574ef0, 0xc000236380, 0xc00021e400)
	/usr/local/Cellar/go/1.16.3/libexec/src/net/http/server.go:2887 +0xa3
net/http.(*conn).serve(0xc000208280, 0x4575600, 0xc000216f80)
	/usr/local/Cellar/go/1.16.3/libexec/src/net/http/server.go:1952 +0x8cd
created by net/http.(*Server).Serve
	/usr/local/Cellar/go/1.16.3/libexec/src/net/http/server.go:3013 +0x39b
2021/05/30 10:24:53 server.go:3139: http: panic serving [::1]:54228: template: index.html:12: unexpected {{end}}
goroutine 89 [running]:
net/http.(*conn).serve.func1(0xc000208320)
	/usr/local/Cellar/go/1.16.3/libexec/src/net/http/server.go:1824 +0x153
panic(0x449bf60, 0xc000012dd0)
	/usr/local/Cellar/go/1.16.3/libexec/src/runtime/panic.go:971 +0x499
text/template.Must(...)
	/usr/local/Cellar/go/1.16.3/libexec/src/text/template/helper.go:25
todo_app/app/controllers.generateHTML(0x4574ef0, 0xc000282380, 0x44e16e0, 0xc000293780, 0xc00013d928, 0x3, 0x3)
	/Users/m117/go/src/todo_app/app/controllers/sever.go:17 +0x2ce
todo_app/app/controllers.index(0x4574ef0, 0xc000282380, 0xc00021e600)
	/Users/m117/go/src/todo_app/app/controllers/route_main.go:28 +0x3d9
net/http.HandlerFunc.ServeHTTP(0x451b118, 0x4574ef0, 0xc000282380, 0xc00021e600)
	/usr/local/Cellar/go/1.16.3/libexec/src/net/http/server.go:2069 +0x44
net/http.(*ServeMux).ServeHTTP(0x4776640, 0x4574ef0, 0xc000282380, 0xc00021e600)
	/usr/local/Cellar/go/1.16.3/libexec/src/net/http/server.go:2448 +0x1ad
net/http.serverHandler.ServeHTTP(0xc00018e000, 0x4574ef0, 0xc000282380, 0xc00021e600)
	/usr/local/Cellar/go/1.16.3/libexec/src/net/http/server.go:2887 +0xa3
net/http.(*conn).serve(0xc000208320, 0x4575600, 0xc000217400)
	/usr/local/Cellar/go/1.16.3/libexec/src/net/http/server.go:1952 +0x8cd
created by net/http.(*Server).Serve
	/usr/local/Cellar/go/1.16.3/libexec/src/net/http/server.go:3013 +0x39b
2021/05/30 10:24:53 server.go:3139: http: panic serving [::1]:54229: template: index.html:12: unexpected {{end}}
goroutine 90 [running]:
net/http.(*conn).serve.func1(0xc0002083c0)
	/usr/local/Cellar/go/1.16.3/libexec/src/net/http/server.go:1824 +0x153
panic(0x449bf60, 0xc000013060)
	/usr/local/Cellar/go/1.16.3/libexec/src/runtime/panic.go:971 +0x499
text/template.Must(...)
	/usr/local/Cellar/go/1.16.3/libexec/src/text/template/helper.go:25
todo_app/app/controllers.generateHTML(0x4574ef0, 0xc000282460, 0x44e16e0, 0xc000293c00, 0xc00013d928, 0x3, 0x3)
	/Users/m117/go/src/todo_app/app/controllers/sever.go:17 +0x2ce
todo_app/app/controllers.index(0x4574ef0, 0xc000282460, 0xc00021e500)
	/Users/m117/go/src/todo_app/app/controllers/route_main.go:28 +0x3d9
net/http.HandlerFunc.ServeHTTP(0x451b118, 0x4574ef0, 0xc000282460, 0xc00021e500)
	/usr/local/Cellar/go/1.16.3/libexec/src/net/http/server.go:2069 +0x44
net/http.(*ServeMux).ServeHTTP(0x4776640, 0x4574ef0, 0xc000282460, 0xc00021e500)
	/usr/local/Cellar/go/1.16.3/libexec/src/net/http/server.go:2448 +0x1ad
net/http.serverHandler.ServeHTTP(0xc00018e000, 0x4574ef0, 0xc000282460, 0xc00021e500)
	/usr/local/Cellar/go/1.16.3/libexec/src/net/http/server.go:2887 +0xa3
net/http.(*conn).serve(0xc0002083c0, 0x4575600, 0xc000217380)
	/usr/local/Cellar/go/1.16.3/libexec/src/net/http/server.go:1952 +0x8cd
created by net/http.(*Server).Serve
	/usr/local/Cellar/go/1.16.3/libexec/src/net/http/server.go:3013 +0x39b
2021/05/30 10:24:53 server.go:3139: http: panic serving [::1]:54230: template: index.html:12: unexpected {{end}}
goroutine 98 [running]:
net/http.(*conn).serve.func1(0xc0002b4140)
	/usr/local/Cellar/go/1.16.3/libexec/src/net/http/server.go:1824 +0x153
panic(0x449bf60, 0xc000013300)
	/usr/local/Cellar/go/1.16.3/libexec/src/runtime/panic.go:971 +0x499
text/template.Must(...)
	/usr/local/Cellar/go/1.16.3/libexec/src/text/template/helper.go:25
todo_app/app/controllers.generateHTML(0x4574ef0, 0xc000282540, 0x44e16e0, 0xc000368100, 0xc00013d928, 0x3, 0x3)
	/Users/m117/go/src/todo_app/app/controllers/sever.go:17 +0x2ce
todo_app/app/controllers.index(0x4574ef0, 0xc000282540, 0xc0002b6400)
	/Users/m117/go/src/todo_app/app/controllers/route_main.go:28 +0x3d9
net/http.HandlerFunc.ServeHTTP(0x451b118, 0x4574ef0, 0xc000282540, 0xc0002b6400)
	/usr/local/Cellar/go/1.16.3/libexec/src/net/http/server.go:2069 +0x44
net/http.(*ServeMux).ServeHTTP(0x4776640, 0x4574ef0, 0xc000282540, 0xc0002b6400)
	/usr/local/Cellar/go/1.16.3/libexec/src/net/http/server.go:2448 +0x1ad
net/http.serverHandler.ServeHTTP(0xc00018e000, 0x4574ef0, 0xc000282540, 0xc0002b6400)
	/usr/local/Cellar/go/1.16.3/libexec/src/net/http/server.go:2887 +0xa3
net/http.(*conn).serve(0xc0002b4140, 0x4575600, 0xc000025800)
	/usr/local/Cellar/go/1.16.3/libexec/src/net/http/server.go:1952 +0x8cd
created by net/http.(*Server).Serve
	/usr/local/Cellar/go/1.16.3/libexec/src/net/http/server.go:3013 +0x39b
2021/05/30 10:25:06 server.go:3139: http: panic serving [::1]:54286: template: index.html:12: unexpected {{end}}
goroutine 103 [running]:
net/http.(*conn).serve.func1(0xc0002b41e0)
	/usr/local/Cellar/go/1.16.3/libexec/src/net/http/server.go:1824 +0x153
panic(0x449bf60, 0xc000218fb0)
	/usr/local/Cellar/go/1.16.3/libexec/src/runtime/panic.go:971 +0x499
text/template.Must(...)
	/usr/local/Cellar/go/1.16.3/libexec/src/text/template/helper.go:25
todo_app/app/controllers.generateHTML(0x4574ef0, 0xc000236540, 0x44e16e0, 0xc000203e00, 0xc00028b928, 0x3, 0x3)
	/Users/m117/go/src/todo_app/app/controllers/sever.go:17 +0x2ce
todo_app/app/controllers.index(0x4574ef0, 0xc000236540, 0xc00021ea00)
	/Users/m117/go/src/todo_app/app/controllers/route_main.go:28 +0x3d9
net/http.HandlerFunc.ServeHTTP(0x451b118, 0x4574ef0, 0xc000236540, 0xc00021ea00)
	/usr/local/Cellar/go/1.16.3/libexec/src/net/http/server.go:2069 +0x44
net/http.(*ServeMux).ServeHTTP(0x4776640, 0x4574ef0, 0xc000236540, 0xc00021ea00)
	/usr/local/Cellar/go/1.16.3/libexec/src/net/http/server.go:2448 +0x1ad
net/http.serverHandler.ServeHTTP(0xc00018e000, 0x4574ef0, 0xc000236540, 0xc00021ea00)
	/usr/local/Cellar/go/1.16.3/libexec/src/net/http/server.go:2887 +0xa3
net/http.(*conn).serve(0xc0002b41e0, 0x4575600, 0xc000217480)
	/usr/local/Cellar/go/1.16.3/libexec/src/net/http/server.go:1952 +0x8cd
created by net/http.(*Server).Serve
	/usr/local/Cellar/go/1.16.3/libexec/src/net/http/server.go:3013 +0x39b
2021/05/30 10:25:06 server.go:3139: http: panic serving [::1]:54287: template: index.html:12: unexpected {{end}}
goroutine 91 [running]:
net/http.(*conn).serve.func1(0xc000208460)
	/usr/local/Cellar/go/1.16.3/libexec/src/net/http/server.go:1824 +0x153
panic(0x449bf60, 0xc000013590)
	/usr/local/Cellar/go/1.16.3/libexec/src/runtime/panic.go:971 +0x499
text/template.Must(...)
	/usr/local/Cellar/go/1.16.3/libexec/src/text/template/helper.go:25
todo_app/app/controllers.generateHTML(0x4574ef0, 0xc000282620, 0x44e16e0, 0xc000368600, 0xc00013d928, 0x3, 0x3)
	/Users/m117/go/src/todo_app/app/controllers/sever.go:17 +0x2ce
todo_app/app/controllers.index(0x4574ef0, 0xc000282620, 0xc00021e800)
	/Users/m117/go/src/todo_app/app/controllers/route_main.go:28 +0x3d9
net/http.HandlerFunc.ServeHTTP(0x451b118, 0x4574ef0, 0xc000282620, 0xc00021e800)
	/usr/local/Cellar/go/1.16.3/libexec/src/net/http/server.go:2069 +0x44
net/http.(*ServeMux).ServeHTTP(0x4776640, 0x4574ef0, 0xc000282620, 0xc00021e800)
	/usr/local/Cellar/go/1.16.3/libexec/src/net/http/server.go:2448 +0x1ad
net/http.serverHandler.ServeHTTP(0xc00018e000, 0x4574ef0, 0xc000282620, 0xc00021e800)
	/usr/local/Cellar/go/1.16.3/libexec/src/net/http/server.go:2887 +0xa3
net/http.(*conn).serve(0xc000208460, 0x4575600, 0xc000217500)
	/usr/local/Cellar/go/1.16.3/libexec/src/net/http/server.go:1952 +0x8cd
created by net/http.(*Server).Serve
	/usr/local/Cellar/go/1.16.3/libexec/src/net/http/server.go:3013 +0x39b
2021/05/30 10:25:06 server.go:3139: http: panic serving [::1]:54288: template: index.html:12: unexpected {{end}}
goroutine 67 [running]:
net/http.(*conn).serve.func1(0xc0000bc0a0)
	/usr/local/Cellar/go/1.16.3/libexec/src/net/http/server.go:1824 +0x153
panic(0x449bf60, 0xc000013670)
	/usr/local/Cellar/go/1.16.3/libexec/src/runtime/panic.go:971 +0x499
text/template.Must(...)
	/usr/local/Cellar/go/1.16.3/libexec/src/text/template/helper.go:25
todo_app/app/controllers.generateHTML(0x4574ef0, 0xc0000ce000, 0x44e16e0, 0xc0000b6380, 0xc00013f928, 0x3, 0x3)
	/Users/m117/go/src/todo_app/app/controllers/sever.go:17 +0x2ce
todo_app/app/controllers.index(0x4574ef0, 0xc0000ce000, 0xc0000b0100)
	/Users/m117/go/src/todo_app/app/controllers/route_main.go:28 +0x3d9
net/http.HandlerFunc.ServeHTTP(0x451b118, 0x4574ef0, 0xc0000ce000, 0xc0000b0100)
	/usr/local/Cellar/go/1.16.3/libexec/src/net/http/server.go:2069 +0x44
net/http.(*ServeMux).ServeHTTP(0x4776640, 0x4574ef0, 0xc0000ce000, 0xc0000b0100)
	/usr/local/Cellar/go/1.16.3/libexec/src/net/http/server.go:2448 +0x1ad
net/http.serverHandler.ServeHTTP(0xc00018e000, 0x4574ef0, 0xc0000ce000, 0xc0000b0100)
	/usr/local/Cellar/go/1.16.3/libexec/src/net/http/server.go:2887 +0xa3
net/http.(*conn).serve(0xc0000bc0a0, 0x4575600, 0xc00009e100)
	/usr/local/Cellar/go/1.16.3/libexec/src/net/http/server.go:1952 +0x8cd
created by net/http.(*Server).Serve
	/usr/local/Cellar/go/1.16.3/libexec/src/net/http/server.go:3013 +0x39b
2021/05/30 10:25:07 server.go:3139: http: panic serving [::1]:54293: template: index.html:12: unexpected {{end}}
goroutine 70 [running]:
net/http.(*conn).serve.func1(0xc0000bc140)
	/usr/local/Cellar/go/1.16.3/libexec/src/net/http/server.go:1824 +0x153
panic(0x449bf60, 0xc0000a0220)
	/usr/local/Cellar/go/1.16.3/libexec/src/runtime/panic.go:971 +0x499
text/template.Must(...)
	/usr/local/Cellar/go/1.16.3/libexec/src/text/template/helper.go:25
todo_app/app/controllers.generateHTML(0x4574ef0, 0xc000282700, 0x44e16e0, 0xc000368c00, 0xc00013d928, 0x3, 0x3)
	/Users/m117/go/src/todo_app/app/controllers/sever.go:17 +0x2ce
todo_app/app/controllers.index(0x4574ef0, 0xc000282700, 0xc0002b6600)
	/Users/m117/go/src/todo_app/app/controllers/route_main.go:28 +0x3d9
net/http.HandlerFunc.ServeHTTP(0x451b118, 0x4574ef0, 0xc000282700, 0xc0002b6600)
	/usr/local/Cellar/go/1.16.3/libexec/src/net/http/server.go:2069 +0x44
net/http.(*ServeMux).ServeHTTP(0x4776640, 0x4574ef0, 0xc000282700, 0xc0002b6600)
	/usr/local/Cellar/go/1.16.3/libexec/src/net/http/server.go:2448 +0x1ad
net/http.serverHandler.ServeHTTP(0xc00018e000, 0x4574ef0, 0xc000282700, 0xc0002b6600)
	/usr/local/Cellar/go/1.16.3/libexec/src/net/http/server.go:2887 +0xa3
net/http.(*conn).serve(0xc0000bc140, 0x4575600, 0xc00041c0c0)
	/usr/local/Cellar/go/1.16.3/libexec/src/net/http/server.go:1952 +0x8cd
created by net/http.(*Server).Serve
	/usr/local/Cellar/go/1.16.3/libexec/src/net/http/server.go:3013 +0x39b
2021/05/30 10:25:07 server.go:3139: http: panic serving [::1]:54294: template: index.html:12: unexpected {{end}}
goroutine 71 [running]:
net/http.(*conn).serve.func1(0xc0000bc1e0)
	/usr/local/Cellar/go/1.16.3/libexec/src/net/http/server.go:1824 +0x153
panic(0x449bf60, 0xc000218ff0)
	/usr/local/Cellar/go/1.16.3/libexec/src/runtime/panic.go:971 +0x499
text/template.Must(...)
	/usr/local/Cellar/go/1.16.3/libexec/src/text/template/helper.go:25
todo_app/app/controllers.generateHTML(0x4574ef0, 0xc0002827e0, 0x44e16e0, 0xc000369080, 0xc00013d928, 0x3, 0x3)
	/Users/m117/go/src/todo_app/app/controllers/sever.go:17 +0x2ce
todo_app/app/controllers.index(0x4574ef0, 0xc0002827e0, 0xc0000b0300)
	/Users/m117/go/src/todo_app/app/controllers/route_main.go:28 +0x3d9
net/http.HandlerFunc.ServeHTTP(0x451b118, 0x4574ef0, 0xc0002827e0, 0xc0000b0300)
	/usr/local/Cellar/go/1.16.3/libexec/src/net/http/server.go:2069 +0x44
net/http.(*ServeMux).ServeHTTP(0x4776640, 0x4574ef0, 0xc0002827e0, 0xc0000b0300)
	/usr/local/Cellar/go/1.16.3/libexec/src/net/http/server.go:2448 +0x1ad
net/http.serverHandler.ServeHTTP(0xc00018e000, 0x4574ef0, 0xc0002827e0, 0xc0000b0300)
	/usr/local/Cellar/go/1.16.3/libexec/src/net/http/server.go:2887 +0xa3
net/http.(*conn).serve(0xc0000bc1e0, 0x4575600, 0xc00009e340)
	/usr/local/Cellar/go/1.16.3/libexec/src/net/http/server.go:1952 +0x8cd
created by net/http.(*Server).Serve
	/usr/local/Cellar/go/1.16.3/libexec/src/net/http/server.go:3013 +0x39b
2021/05/30 10:25:07 server.go:3139: http: panic serving [::1]:54295: template: index.html:12: unexpected {{end}}
goroutine 72 [running]:
net/http.(*conn).serve.func1(0xc0000bc280)
	/usr/local/Cellar/go/1.16.3/libexec/src/net/http/server.go:1824 +0x153
panic(0x449bf60, 0xc000013c00)
	/usr/local/Cellar/go/1.16.3/libexec/src/runtime/panic.go:971 +0x499
text/template.Must(...)
	/usr/local/Cellar/go/1.16.3/libexec/src/text/template/helper.go:25
todo_app/app/controllers.generateHTML(0x4574ef0, 0xc0000ce0e0, 0x44e16e0, 0xc0000b6800, 0xc0000f7928, 0x3, 0x3)
	/Users/m117/go/src/todo_app/app/controllers/sever.go:17 +0x2ce
todo_app/app/controllers.index(0x4574ef0, 0xc0000ce0e0, 0xc0000b0400)
	/Users/m117/go/src/todo_app/app/controllers/route_main.go:28 +0x3d9
net/http.HandlerFunc.ServeHTTP(0x451b118, 0x4574ef0, 0xc0000ce0e0, 0xc0000b0400)
	/usr/local/Cellar/go/1.16.3/libexec/src/net/http/server.go:2069 +0x44
net/http.(*ServeMux).ServeHTTP(0x4776640, 0x4574ef0, 0xc0000ce0e0, 0xc0000b0400)
	/usr/local/Cellar/go/1.16.3/libexec/src/net/http/server.go:2448 +0x1ad
net/http.serverHandler.ServeHTTP(0xc00018e000, 0x4574ef0, 0xc0000ce0e0, 0xc0000b0400)
	/usr/local/Cellar/go/1.16.3/libexec/src/net/http/server.go:2887 +0xa3
net/http.(*conn).serve(0xc0000bc280, 0x4575600, 0xc00009e3c0)
	/usr/local/Cellar/go/1.16.3/libexec/src/net/http/server.go:1952 +0x8cd
created by net/http.(*Server).Serve
	/usr/local/Cellar/go/1.16.3/libexec/src/net/http/server.go:3013 +0x39b
2021/05/30 10:25:09 server.go:3139: http: panic serving [::1]:54305: template: index.html:12: unexpected {{end}}
goroutine 97 [running]:
net/http.(*conn).serve.func1(0xc000208500)
	/usr/local/Cellar/go/1.16.3/libexec/src/net/http/server.go:1824 +0x153
panic(0x449bf60, 0xc000013cf0)
	/usr/local/Cellar/go/1.16.3/libexec/src/runtime/panic.go:971 +0x499
text/template.Must(...)
	/usr/local/Cellar/go/1.16.3/libexec/src/text/template/helper.go:25
todo_app/app/controllers.generateHTML(0x4574ef0, 0xc000236620, 0x44e16e0, 0xc000396380, 0xc0000f7928, 0x3, 0x3)
	/Users/m117/go/src/todo_app/app/controllers/sever.go:17 +0x2ce
todo_app/app/controllers.index(0x4574ef0, 0xc000236620, 0xc0002b6900)
	/Users/m117/go/src/todo_app/app/controllers/route_main.go:28 +0x3d9
net/http.HandlerFunc.ServeHTTP(0x451b118, 0x4574ef0, 0xc000236620, 0xc0002b6900)
	/usr/local/Cellar/go/1.16.3/libexec/src/net/http/server.go:2069 +0x44
net/http.(*ServeMux).ServeHTTP(0x4776640, 0x4574ef0, 0xc000236620, 0xc0002b6900)
	/usr/local/Cellar/go/1.16.3/libexec/src/net/http/server.go:2448 +0x1ad
net/http.serverHandler.ServeHTTP(0xc00018e000, 0x4574ef0, 0xc000236620, 0xc0002b6900)
	/usr/local/Cellar/go/1.16.3/libexec/src/net/http/server.go:2887 +0xa3
net/http.(*conn).serve(0xc000208500, 0x4575600, 0xc00041c980)
	/usr/local/Cellar/go/1.16.3/libexec/src/net/http/server.go:1952 +0x8cd
created by net/http.(*Server).Serve
	/usr/local/Cellar/go/1.16.3/libexec/src/net/http/server.go:3013 +0x39b
2021/05/30 10:25:09 server.go:3139: http: panic serving [::1]:54306: template: index.html:12: unexpected {{end}}
goroutine 130 [running]:
net/http.(*conn).serve.func1(0xc0002085a0)
	/usr/local/Cellar/go/1.16.3/libexec/src/net/http/server.go:1824 +0x153
panic(0x449bf60, 0xc000013f80)
	/usr/local/Cellar/go/1.16.3/libexec/src/runtime/panic.go:971 +0x499
text/template.Must(...)
	/usr/local/Cellar/go/1.16.3/libexec/src/text/template/helper.go:25
todo_app/app/controllers.generateHTML(0x4574ef0, 0xc0002828c0, 0x44e16e0, 0xc000369800, 0xc0000f7928, 0x3, 0x3)
	/Users/m117/go/src/todo_app/app/controllers/sever.go:17 +0x2ce
todo_app/app/controllers.index(0x4574ef0, 0xc0002828c0, 0xc00021ec00)
	/Users/m117/go/src/todo_app/app/controllers/route_main.go:28 +0x3d9
net/http.HandlerFunc.ServeHTTP(0x451b118, 0x4574ef0, 0xc0002828c0, 0xc00021ec00)
	/usr/local/Cellar/go/1.16.3/libexec/src/net/http/server.go:2069 +0x44
net/http.(*ServeMux).ServeHTTP(0x4776640, 0x4574ef0, 0xc0002828c0, 0xc00021ec00)
	/usr/local/Cellar/go/1.16.3/libexec/src/net/http/server.go:2448 +0x1ad
net/http.serverHandler.ServeHTTP(0xc00018e000, 0x4574ef0, 0xc0002828c0, 0xc00021ec00)
	/usr/local/Cellar/go/1.16.3/libexec/src/net/http/server.go:2887 +0xa3
net/http.(*conn).serve(0xc0002085a0, 0x4575600, 0xc0002179c0)
	/usr/local/Cellar/go/1.16.3/libexec/src/net/http/server.go:1952 +0x8cd
created by net/http.(*Server).Serve
	/usr/local/Cellar/go/1.16.3/libexec/src/net/http/server.go:3013 +0x39b
2021/05/30 10:25:09 server.go:3139: http: panic serving [::1]:54307: template: index.html:12: unexpected {{end}}
goroutine 126 [running]:
net/http.(*conn).serve.func1(0xc0002b4280)
	/usr/local/Cellar/go/1.16.3/libexec/src/net/http/server.go:1824 +0x153
panic(0x449bf60, 0xc000476220)
	/usr/local/Cellar/go/1.16.3/libexec/src/runtime/panic.go:971 +0x499
text/template.Must(...)
	/usr/local/Cellar/go/1.16.3/libexec/src/text/template/helper.go:25
todo_app/app/controllers.generateHTML(0x4574ef0, 0xc0002829a0, 0x44e16e0, 0xc000369d00, 0xc0000f7928, 0x3, 0x3)
	/Users/m117/go/src/todo_app/app/controllers/sever.go:17 +0x2ce
todo_app/app/controllers.index(0x4574ef0, 0xc0002829a0, 0xc0002b6b00)
	/Users/m117/go/src/todo_app/app/controllers/route_main.go:28 +0x3d9
net/http.HandlerFunc.ServeHTTP(0x451b118, 0x4574ef0, 0xc0002829a0, 0xc0002b6b00)
	/usr/local/Cellar/go/1.16.3/libexec/src/net/http/server.go:2069 +0x44
net/http.(*ServeMux).ServeHTTP(0x4776640, 0x4574ef0, 0xc0002829a0, 0xc0002b6b00)
	/usr/local/Cellar/go/1.16.3/libexec/src/net/http/server.go:2448 +0x1ad
net/http.serverHandler.ServeHTTP(0xc00018e000, 0x4574ef0, 0xc0002829a0, 0xc0002b6b00)
	/usr/local/Cellar/go/1.16.3/libexec/src/net/http/server.go:2887 +0xa3
net/http.(*conn).serve(0xc0002b4280, 0x4575600, 0xc00041cf40)
	/usr/local/Cellar/go/1.16.3/libexec/src/net/http/server.go:1952 +0x8cd
created by net/http.(*Server).Serve
	/usr/local/Cellar/go/1.16.3/libexec/src/net/http/server.go:3013 +0x39b
2021/05/30 10:25:23 server.go:3139: http: panic serving [::1]:54328: template: index.html:12: unexpected {{end}}
goroutine 133 [running]:
net/http.(*conn).serve.func1(0xc000208640)
	/usr/local/Cellar/go/1.16.3/libexec/src/net/http/server.go:1824 +0x153
panic(0x449bf60, 0xc0004a1ab0)
	/usr/local/Cellar/go/1.16.3/libexec/src/runtime/panic.go:971 +0x499
text/template.Must(...)
	/usr/local/Cellar/go/1.16.3/libexec/src/text/template/helper.go:25
todo_app/app/controllers.generateHTML(0x4574ef0, 0xc00018eb60, 0x44e16e0, 0xc000190780, 0xc000255928, 0x3, 0x3)
	/Users/m117/go/src/todo_app/app/controllers/sever.go:17 +0x2ce
todo_app/app/controllers.index(0x4574ef0, 0xc00018eb60, 0xc000199500)
	/Users/m117/go/src/todo_app/app/controllers/route_main.go:28 +0x3d9
net/http.HandlerFunc.ServeHTTP(0x451b118, 0x4574ef0, 0xc00018eb60, 0xc000199500)
	/usr/local/Cellar/go/1.16.3/libexec/src/net/http/server.go:2069 +0x44
net/http.(*ServeMux).ServeHTTP(0x4776640, 0x4574ef0, 0xc00018eb60, 0xc000199500)
	/usr/local/Cellar/go/1.16.3/libexec/src/net/http/server.go:2448 +0x1ad
net/http.serverHandler.ServeHTTP(0xc00018e000, 0x4574ef0, 0xc00018eb60, 0xc000199500)
	/usr/local/Cellar/go/1.16.3/libexec/src/net/http/server.go:2887 +0xa3
net/http.(*conn).serve(0xc000208640, 0x4575600, 0xc00041d340)
	/usr/local/Cellar/go/1.16.3/libexec/src/net/http/server.go:1952 +0x8cd
created by net/http.(*Server).Serve
	/usr/local/Cellar/go/1.16.3/libexec/src/net/http/server.go:3013 +0x39b
2021/05/30 10:25:23 server.go:3139: http: panic serving [::1]:54331: template: index.html:12: unexpected {{end}}
goroutine 79 [running]:
net/http.(*conn).serve.func1(0xc0000bc3c0)
	/usr/local/Cellar/go/1.16.3/libexec/src/net/http/server.go:1824 +0x153
panic(0x449bf60, 0xc0004a8200)
	/usr/local/Cellar/go/1.16.3/libexec/src/runtime/panic.go:971 +0x499
text/template.Must(...)
	/usr/local/Cellar/go/1.16.3/libexec/src/text/template/helper.go:25
todo_app/app/controllers.generateHTML(0x4574ef0, 0xc00018ec40, 0x44e16e0, 0xc000190c00, 0xc00028d928, 0x3, 0x3)
	/Users/m117/go/src/todo_app/app/controllers/sever.go:17 +0x2ce
todo_app/app/controllers.index(0x4574ef0, 0xc00018ec40, 0xc000199300)
	/Users/m117/go/src/todo_app/app/controllers/route_main.go:28 +0x3d9
net/http.HandlerFunc.ServeHTTP(0x451b118, 0x4574ef0, 0xc00018ec40, 0xc000199300)
	/usr/local/Cellar/go/1.16.3/libexec/src/net/http/server.go:2069 +0x44
net/http.(*ServeMux).ServeHTTP(0x4776640, 0x4574ef0, 0xc00018ec40, 0xc000199300)
	/usr/local/Cellar/go/1.16.3/libexec/src/net/http/server.go:2448 +0x1ad
net/http.serverHandler.ServeHTTP(0xc00018e000, 0x4574ef0, 0xc00018ec40, 0xc000199300)
	/usr/local/Cellar/go/1.16.3/libexec/src/net/http/server.go:2887 +0xa3
net/http.(*conn).serve(0xc0000bc3c0, 0x4575600, 0xc00009e980)
	/usr/local/Cellar/go/1.16.3/libexec/src/net/http/server.go:1952 +0x8cd
created by net/http.(*Server).Serve
	/usr/local/Cellar/go/1.16.3/libexec/src/net/http/server.go:3013 +0x39b
2021/05/30 10:25:23 server.go:3139: http: panic serving [::1]:54329: template: index.html:12: unexpected {{end}}
goroutine 134 [running]:
net/http.(*conn).serve.func1(0xc0002086e0)
	/usr/local/Cellar/go/1.16.3/libexec/src/net/http/server.go:1824 +0x153
panic(0x449bf60, 0xc000476c90)
	/usr/local/Cellar/go/1.16.3/libexec/src/runtime/panic.go:971 +0x499
text/template.Must(...)
	/usr/local/Cellar/go/1.16.3/libexec/src/text/template/helper.go:25
todo_app/app/controllers.generateHTML(0x4574ef0, 0xc0000ce460, 0x44e16e0, 0xc000397c00, 0xc000259928, 0x3, 0x3)
	/Users/m117/go/src/todo_app/app/controllers/sever.go:17 +0x2ce
todo_app/app/controllers.index(0x4574ef0, 0xc0000ce460, 0xc000199100)
	/Users/m117/go/src/todo_app/app/controllers/route_main.go:28 +0x3d9
net/http.HandlerFunc.ServeHTTP(0x451b118, 0x4574ef0, 0xc0000ce460, 0xc000199100)
	/usr/local/Cellar/go/1.16.3/libexec/src/net/http/server.go:2069 +0x44
net/http.(*ServeMux).ServeHTTP(0x4776640, 0x4574ef0, 0xc0000ce460, 0xc000199100)
	/usr/local/Cellar/go/1.16.3/libexec/src/net/http/server.go:2448 +0x1ad
net/http.serverHandler.ServeHTTP(0xc00018e000, 0x4574ef0, 0xc0000ce460, 0xc000199100)
	/usr/local/Cellar/go/1.16.3/libexec/src/net/http/server.go:2887 +0xa3
net/http.(*conn).serve(0xc0002086e0, 0x4575600, 0xc000217c00)
	/usr/local/Cellar/go/1.16.3/libexec/src/net/http/server.go:1952 +0x8cd
created by net/http.(*Server).Serve
	/usr/local/Cellar/go/1.16.3/libexec/src/net/http/server.go:3013 +0x39b
2021/05/30 10:25:23 server.go:3139: http: panic serving [::1]:54330: template: index.html:12: unexpected {{end}}
goroutine 78 [running]:
net/http.(*conn).serve.func1(0xc0000bc320)
	/usr/local/Cellar/go/1.16.3/libexec/src/net/http/server.go:1824 +0x153
panic(0x449bf60, 0xc0004a8a20)
	/usr/local/Cellar/go/1.16.3/libexec/src/runtime/panic.go:971 +0x499
text/template.Must(...)
	/usr/local/Cellar/go/1.16.3/libexec/src/text/template/helper.go:25
todo_app/app/controllers.generateHTML(0x4574ef0, 0xc00018ed20, 0x44e16e0, 0xc000191180, 0xc00028d928, 0x3, 0x3)
	/Users/m117/go/src/todo_app/app/controllers/sever.go:17 +0x2ce
todo_app/app/controllers.index(0x4574ef0, 0xc00018ed20, 0xc0000b0b00)
	/Users/m117/go/src/todo_app/app/controllers/route_main.go:28 +0x3d9
net/http.HandlerFunc.ServeHTTP(0x451b118, 0x4574ef0, 0xc00018ed20, 0xc0000b0b00)
	/usr/local/Cellar/go/1.16.3/libexec/src/net/http/server.go:2069 +0x44
net/http.(*ServeMux).ServeHTTP(0x4776640, 0x4574ef0, 0xc00018ed20, 0xc0000b0b00)
	/usr/local/Cellar/go/1.16.3/libexec/src/net/http/server.go:2448 +0x1ad
net/http.serverHandler.ServeHTTP(0xc00018e000, 0x4574ef0, 0xc00018ed20, 0xc0000b0b00)
	/usr/local/Cellar/go/1.16.3/libexec/src/net/http/server.go:2887 +0xa3
net/http.(*conn).serve(0xc0000bc320, 0x4575600, 0xc00009e900)
	/usr/local/Cellar/go/1.16.3/libexec/src/net/http/server.go:1952 +0x8cd
created by net/http.(*Server).Serve
	/usr/local/Cellar/go/1.16.3/libexec/src/net/http/server.go:3013 +0x39b
2021/05/30 10:25:23 server.go:3139: http: panic serving [::1]:54372: template: index.html:12: unexpected {{end}}
goroutine 177 [running]:
net/http.(*conn).serve.func1(0xc000208280)
	/usr/local/Cellar/go/1.16.3/libexec/src/net/http/server.go:1824 +0x153
panic(0x449bf60, 0xc000477540)
	/usr/local/Cellar/go/1.16.3/libexec/src/runtime/panic.go:971 +0x499
text/template.Must(...)
	/usr/local/Cellar/go/1.16.3/libexec/src/text/template/helper.go:25
todo_app/app/controllers.generateHTML(0x4574ef0, 0xc0000ce540, 0x44e16e0, 0xc000292100, 0xc00028f928, 0x3, 0x3)
	/Users/m117/go/src/todo_app/app/controllers/sever.go:17 +0x2ce
todo_app/app/controllers.index(0x4574ef0, 0xc0000ce540, 0xc0000b0a00)
	/Users/m117/go/src/todo_app/app/controllers/route_main.go:28 +0x3d9
net/http.HandlerFunc.ServeHTTP(0x451b118, 0x4574ef0, 0xc0000ce540, 0xc0000b0a00)
	/usr/local/Cellar/go/1.16.3/libexec/src/net/http/server.go:2069 +0x44
net/http.(*ServeMux).ServeHTTP(0x4776640, 0x4574ef0, 0xc0000ce540, 0xc0000b0a00)
	/usr/local/Cellar/go/1.16.3/libexec/src/net/http/server.go:2448 +0x1ad
net/http.serverHandler.ServeHTTP(0xc00018e000, 0x4574ef0, 0xc0000ce540, 0xc0000b0a00)
	/usr/local/Cellar/go/1.16.3/libexec/src/net/http/server.go:2887 +0xa3
net/http.(*conn).serve(0xc000208280, 0x4575600, 0xc00015ad40)
	/usr/local/Cellar/go/1.16.3/libexec/src/net/http/server.go:1952 +0x8cd
created by net/http.(*Server).Serve
	/usr/local/Cellar/go/1.16.3/libexec/src/net/http/server.go:3013 +0x39b
2021/05/30 10:25:24 server.go:3139: http: panic serving [::1]:54377: template: index.html:12: unexpected {{end}}
goroutine 213 [running]:
net/http.(*conn).serve.func1(0xc0000bc0a0)
	/usr/local/Cellar/go/1.16.3/libexec/src/net/http/server.go:1824 +0x153
panic(0x449bf60, 0xc000219780)
	/usr/local/Cellar/go/1.16.3/libexec/src/runtime/panic.go:971 +0x499
text/template.Must(...)
	/usr/local/Cellar/go/1.16.3/libexec/src/text/template/helper.go:25
todo_app/app/controllers.generateHTML(0x4574ef0, 0xc0002369a0, 0x44e16e0, 0xc0004bae00, 0xc00028b928, 0x3, 0x3)
	/Users/m117/go/src/todo_app/app/controllers/sever.go:17 +0x2ce
todo_app/app/controllers.index(0x4574ef0, 0xc0002369a0, 0xc0000b0c00)
	/Users/m117/go/src/todo_app/app/controllers/route_main.go:28 +0x3d9
net/http.HandlerFunc.ServeHTTP(0x451b118, 0x4574ef0, 0xc0002369a0, 0xc0000b0c00)
	/usr/local/Cellar/go/1.16.3/libexec/src/net/http/server.go:2069 +0x44
net/http.(*ServeMux).ServeHTTP(0x4776640, 0x4574ef0, 0xc0002369a0, 0xc0000b0c00)
	/usr/local/Cellar/go/1.16.3/libexec/src/net/http/server.go:2448 +0x1ad
net/http.serverHandler.ServeHTTP(0xc00018e000, 0x4574ef0, 0xc0002369a0, 0xc0000b0c00)
	/usr/local/Cellar/go/1.16.3/libexec/src/net/http/server.go:2887 +0xa3
net/http.(*conn).serve(0xc0000bc0a0, 0x4575600, 0xc00015b140)
	/usr/local/Cellar/go/1.16.3/libexec/src/net/http/server.go:1952 +0x8cd
created by net/http.(*Server).Serve
	/usr/local/Cellar/go/1.16.3/libexec/src/net/http/server.go:3013 +0x39b
2021/05/30 10:25:24 server.go:3139: http: panic serving [::1]:54378: template: index.html:12: unexpected {{end}}
goroutine 214 [running]:
net/http.(*conn).serve.func1(0xc0000bc140)
	/usr/local/Cellar/go/1.16.3/libexec/src/net/http/server.go:1824 +0x153
panic(0x449bf60, 0xc000477fc0)
	/usr/local/Cellar/go/1.16.3/libexec/src/runtime/panic.go:971 +0x499
text/template.Must(...)
	/usr/local/Cellar/go/1.16.3/libexec/src/text/template/helper.go:25
todo_app/app/controllers.generateHTML(0x4574ef0, 0xc0000ce620, 0x44e16e0, 0xc000292580, 0xc00028f928, 0x3, 0x3)
	/Users/m117/go/src/todo_app/app/controllers/sever.go:17 +0x2ce
todo_app/app/controllers.index(0x4574ef0, 0xc0000ce620, 0xc00021f500)
	/Users/m117/go/src/todo_app/app/controllers/route_main.go:28 +0x3d9
net/http.HandlerFunc.ServeHTTP(0x451b118, 0x4574ef0, 0xc0000ce620, 0xc00021f500)
	/usr/local/Cellar/go/1.16.3/libexec/src/net/http/server.go:2069 +0x44
net/http.(*ServeMux).ServeHTTP(0x4776640, 0x4574ef0, 0xc0000ce620, 0xc00021f500)
	/usr/local/Cellar/go/1.16.3/libexec/src/net/http/server.go:2448 +0x1ad
net/http.serverHandler.ServeHTTP(0xc00018e000, 0x4574ef0, 0xc0000ce620, 0xc00021f500)
	/usr/local/Cellar/go/1.16.3/libexec/src/net/http/server.go:2887 +0xa3
net/http.(*conn).serve(0xc0000bc140, 0x4575600, 0xc00009ed80)
	/usr/local/Cellar/go/1.16.3/libexec/src/net/http/server.go:1952 +0x8cd
created by net/http.(*Server).Serve
	/usr/local/Cellar/go/1.16.3/libexec/src/net/http/server.go:3013 +0x39b
2021/05/30 10:25:24 server.go:3139: http: panic serving [::1]:54379: template: index.html:12: unexpected {{end}}
goroutine 234 [running]:
net/http.(*conn).serve.func1(0xc000208320)
	/usr/local/Cellar/go/1.16.3/libexec/src/net/http/server.go:1824 +0x153
panic(0x449bf60, 0xc0004b09a0)
	/usr/local/Cellar/go/1.16.3/libexec/src/runtime/panic.go:971 +0x499
text/template.Must(...)
	/usr/local/Cellar/go/1.16.3/libexec/src/text/template/helper.go:25
todo_app/app/controllers.generateHTML(0x4574ef0, 0xc0000ce700, 0x44e16e0, 0xc000292a80, 0xc00028f928, 0x3, 0x3)
	/Users/m117/go/src/todo_app/app/controllers/sever.go:17 +0x2ce
todo_app/app/controllers.index(0x4574ef0, 0xc0000ce700, 0xc0000b0e00)
	/Users/m117/go/src/todo_app/app/controllers/route_main.go:28 +0x3d9
net/http.HandlerFunc.ServeHTTP(0x451b118, 0x4574ef0, 0xc0000ce700, 0xc0000b0e00)
	/usr/local/Cellar/go/1.16.3/libexec/src/net/http/server.go:2069 +0x44
net/http.(*ServeMux).ServeHTTP(0x4776640, 0x4574ef0, 0xc0000ce700, 0xc0000b0e00)
	/usr/local/Cellar/go/1.16.3/libexec/src/net/http/server.go:2448 +0x1ad
net/http.serverHandler.ServeHTTP(0xc00018e000, 0x4574ef0, 0xc0000ce700, 0xc0000b0e00)
	/usr/local/Cellar/go/1.16.3/libexec/src/net/http/server.go:2887 +0xa3
net/http.(*conn).serve(0xc000208320, 0x4575600, 0xc00015b540)
	/usr/local/Cellar/go/1.16.3/libexec/src/net/http/server.go:1952 +0x8cd
created by net/http.(*Server).Serve
	/usr/local/Cellar/go/1.16.3/libexec/src/net/http/server.go:3013 +0x39b
2021/05/30 10:25:29 server.go:3139: http: panic serving [::1]:54401: template: index.html:12: unexpected {{end}}
goroutine 219 [running]:
net/http.(*conn).serve.func1(0xc0000bc1e0)
	/usr/local/Cellar/go/1.16.3/libexec/src/net/http/server.go:1824 +0x153
panic(0x449bf60, 0xc0004a8d00)
	/usr/local/Cellar/go/1.16.3/libexec/src/runtime/panic.go:971 +0x499
text/template.Must(...)
	/usr/local/Cellar/go/1.16.3/libexec/src/text/template/helper.go:25
todo_app/app/controllers.generateHTML(0x4574ef0, 0xc000236a80, 0x44e16e0, 0xc0004bb380, 0xc00028b928, 0x3, 0x3)
	/Users/m117/go/src/todo_app/app/controllers/sever.go:17 +0x2ce
todo_app/app/controllers.index(0x4574ef0, 0xc000236a80, 0xc0000b1000)
	/Users/m117/go/src/todo_app/app/controllers/route_main.go:28 +0x3d9
net/http.HandlerFunc.ServeHTTP(0x451b118, 0x4574ef0, 0xc000236a80, 0xc0000b1000)
	/usr/local/Cellar/go/1.16.3/libexec/src/net/http/server.go:2069 +0x44
net/http.(*ServeMux).ServeHTTP(0x4776640, 0x4574ef0, 0xc000236a80, 0xc0000b1000)
	/usr/local/Cellar/go/1.16.3/libexec/src/net/http/server.go:2448 +0x1ad
net/http.serverHandler.ServeHTTP(0xc00018e000, 0x4574ef0, 0xc000236a80, 0xc0000b1000)
	/usr/local/Cellar/go/1.16.3/libexec/src/net/http/server.go:2887 +0xa3
net/http.(*conn).serve(0xc0000bc1e0, 0x4575600, 0xc00015b940)
	/usr/local/Cellar/go/1.16.3/libexec/src/net/http/server.go:1952 +0x8cd
created by net/http.(*Server).Serve
	/usr/local/Cellar/go/1.16.3/libexec/src/net/http/server.go:3013 +0x39b
2021/05/30 10:25:29 server.go:3139: http: panic serving [::1]:54402: template: index.html:12: unexpected {{end}}
goroutine 220 [running]:
net/http.(*conn).serve.func1(0xc0000bc280)
	/usr/local/Cellar/go/1.16.3/libexec/src/net/http/server.go:1824 +0x153
panic(0x449bf60, 0xc0004a9640)
	/usr/local/Cellar/go/1.16.3/libexec/src/runtime/panic.go:971 +0x499
text/template.Must(...)
	/usr/local/Cellar/go/1.16.3/libexec/src/text/template/helper.go:25
todo_app/app/controllers.generateHTML(0x4574ef0, 0xc00018ee00, 0x44e16e0, 0xc000191780, 0xc00028d928, 0x3, 0x3)
	/Users/m117/go/src/todo_app/app/controllers/sever.go:17 +0x2ce
todo_app/app/controllers.index(0x4574ef0, 0xc00018ee00, 0xc00021f700)
	/Users/m117/go/src/todo_app/app/controllers/route_main.go:28 +0x3d9
net/http.HandlerFunc.ServeHTTP(0x451b118, 0x4574ef0, 0xc00018ee00, 0xc00021f700)
	/usr/local/Cellar/go/1.16.3/libexec/src/net/http/server.go:2069 +0x44
net/http.(*ServeMux).ServeHTTP(0x4776640, 0x4574ef0, 0xc00018ee00, 0xc00021f700)
	/usr/local/Cellar/go/1.16.3/libexec/src/net/http/server.go:2448 +0x1ad
net/http.serverHandler.ServeHTTP(0xc00018e000, 0x4574ef0, 0xc00018ee00, 0xc00021f700)
	/usr/local/Cellar/go/1.16.3/libexec/src/net/http/server.go:2887 +0xa3
net/http.(*conn).serve(0xc0000bc280, 0x4575600, 0xc00009f140)
	/usr/local/Cellar/go/1.16.3/libexec/src/net/http/server.go:1952 +0x8cd
created by net/http.(*Server).Serve
	/usr/local/Cellar/go/1.16.3/libexec/src/net/http/server.go:3013 +0x39b
2021/05/30 10:25:29 server.go:3139: http: panic serving [::1]:54403: template: index.html:12: unexpected {{end}}
goroutine 239 [running]:
net/http.(*conn).serve.func1(0xc0002083c0)
	/usr/local/Cellar/go/1.16.3/libexec/src/net/http/server.go:1824 +0x153
panic(0x449bf60, 0xc0004b13c0)
	/usr/local/Cellar/go/1.16.3/libexec/src/runtime/panic.go:971 +0x499
text/template.Must(...)
	/usr/local/Cellar/go/1.16.3/libexec/src/text/template/helper.go:25
todo_app/app/controllers.generateHTML(0x4574ef0, 0xc0000ce7e0, 0x44e16e0, 0xc000293000, 0xc00028f928, 0x3, 0x3)
	/Users/m117/go/src/todo_app/app/controllers/sever.go:17 +0x2ce
todo_app/app/controllers.index(0x4574ef0, 0xc0000ce7e0, 0xc0000b1100)
	/Users/m117/go/src/todo_app/app/controllers/route_main.go:28 +0x3d9
net/http.HandlerFunc.ServeHTTP(0x451b118, 0x4574ef0, 0xc0000ce7e0, 0xc0000b1100)
	/usr/local/Cellar/go/1.16.3/libexec/src/net/http/server.go:2069 +0x44
net/http.(*ServeMux).ServeHTTP(0x4776640, 0x4574ef0, 0xc0000ce7e0, 0xc0000b1100)
	/usr/local/Cellar/go/1.16.3/libexec/src/net/http/server.go:2448 +0x1ad
net/http.serverHandler.ServeHTTP(0xc00018e000, 0x4574ef0, 0xc0000ce7e0, 0xc0000b1100)
	/usr/local/Cellar/go/1.16.3/libexec/src/net/http/server.go:2887 +0xa3
net/http.(*conn).serve(0xc0002083c0, 0x4575600, 0xc00015b9c0)
	/usr/local/Cellar/go/1.16.3/libexec/src/net/http/server.go:1952 +0x8cd
created by net/http.(*Server).Serve
	/usr/local/Cellar/go/1.16.3/libexec/src/net/http/server.go:3013 +0x39b
2021/05/30 10:25:59 server.go:3139: http: panic serving [::1]:54527: template: index.html:12: unexpected {{end}}
goroutine 248 [running]:
net/http.(*conn).serve.func1(0xc0001b80a0)
	/usr/local/Cellar/go/1.16.3/libexec/src/net/http/server.go:1824 +0x153
panic(0x449bf60, 0xc0004b1d00)
	/usr/local/Cellar/go/1.16.3/libexec/src/runtime/panic.go:971 +0x499
text/template.Must(...)
	/usr/local/Cellar/go/1.16.3/libexec/src/text/template/helper.go:25
todo_app/app/controllers.generateHTML(0x4574ef0, 0xc0000ce8c0, 0x44e16e0, 0xc000293580, 0xc00028f928, 0x3, 0x3)
	/Users/m117/go/src/todo_app/app/controllers/sever.go:17 +0x2ce
todo_app/app/controllers.index(0x4574ef0, 0xc0000ce8c0, 0xc0000b1300)
	/Users/m117/go/src/todo_app/app/controllers/route_main.go:28 +0x3d9
net/http.HandlerFunc.ServeHTTP(0x451b118, 0x4574ef0, 0xc0000ce8c0, 0xc0000b1300)
	/usr/local/Cellar/go/1.16.3/libexec/src/net/http/server.go:2069 +0x44
net/http.(*ServeMux).ServeHTTP(0x4776640, 0x4574ef0, 0xc0000ce8c0, 0xc0000b1300)
	/usr/local/Cellar/go/1.16.3/libexec/src/net/http/server.go:2448 +0x1ad
net/http.serverHandler.ServeHTTP(0xc00018e000, 0x4574ef0, 0xc0000ce8c0, 0xc0000b1300)
	/usr/local/Cellar/go/1.16.3/libexec/src/net/http/server.go:2887 +0xa3
net/http.(*conn).serve(0xc0001b80a0, 0x4575600, 0xc00015bdc0)
	/usr/local/Cellar/go/1.16.3/libexec/src/net/http/server.go:1952 +0x8cd
created by net/http.(*Server).Serve
	/usr/local/Cellar/go/1.16.3/libexec/src/net/http/server.go:3013 +0x39b
2021/05/30 10:25:59 server.go:3139: http: panic serving [::1]:54528: template: index.html:12: unexpected {{end}}
goroutine 249 [running]:
net/http.(*conn).serve.func1(0xc0001b8140)
	/usr/local/Cellar/go/1.16.3/libexec/src/net/http/server.go:1824 +0x153
panic(0x449bf60, 0xc0004b6640)
	/usr/local/Cellar/go/1.16.3/libexec/src/runtime/panic.go:971 +0x499
text/template.Must(...)
	/usr/local/Cellar/go/1.16.3/libexec/src/text/template/helper.go:25
todo_app/app/controllers.generateHTML(0x4574ef0, 0xc0000ce9a0, 0x44e16e0, 0xc000293a00, 0xc00028f928, 0x3, 0x3)
	/Users/m117/go/src/todo_app/app/controllers/sever.go:17 +0x2ce
todo_app/app/controllers.index(0x4574ef0, 0xc0000ce9a0, 0xc000199700)
	/Users/m117/go/src/todo_app/app/controllers/route_main.go:28 +0x3d9
net/http.HandlerFunc.ServeHTTP(0x451b118, 0x4574ef0, 0xc0000ce9a0, 0xc000199700)
	/usr/local/Cellar/go/1.16.3/libexec/src/net/http/server.go:2069 +0x44
net/http.(*ServeMux).ServeHTTP(0x4776640, 0x4574ef0, 0xc0000ce9a0, 0xc000199700)
	/usr/local/Cellar/go/1.16.3/libexec/src/net/http/server.go:2448 +0x1ad
net/http.serverHandler.ServeHTTP(0xc00018e000, 0x4574ef0, 0xc0000ce9a0, 0xc000199700)
	/usr/local/Cellar/go/1.16.3/libexec/src/net/http/server.go:2887 +0xa3
net/http.(*conn).serve(0xc0001b8140, 0x4575600, 0xc000217880)
	/usr/local/Cellar/go/1.16.3/libexec/src/net/http/server.go:1952 +0x8cd
created by net/http.(*Server).Serve
	/usr/local/Cellar/go/1.16.3/libexec/src/net/http/server.go:3013 +0x39b
2021/05/30 10:25:59 server.go:3139: http: panic serving [::1]:54529: template: index.html:12: unexpected {{end}}
goroutine 250 [running]:
net/http.(*conn).serve.func1(0xc0001b81e0)
	/usr/local/Cellar/go/1.16.3/libexec/src/net/http/server.go:1824 +0x153
panic(0x449bf60, 0xc0004d0080)
	/usr/local/Cellar/go/1.16.3/libexec/src/runtime/panic.go:971 +0x499
text/template.Must(...)
	/usr/local/Cellar/go/1.16.3/libexec/src/text/template/helper.go:25
todo_app/app/controllers.generateHTML(0x4574ef0, 0xc00018eee0, 0x44e16e0, 0xc000191d80, 0xc00028d928, 0x3, 0x3)
	/Users/m117/go/src/todo_app/app/controllers/sever.go:17 +0x2ce
todo_app/app/controllers.index(0x4574ef0, 0xc00018eee0, 0xc000199800)
	/Users/m117/go/src/todo_app/app/controllers/route_main.go:28 +0x3d9
net/http.HandlerFunc.ServeHTTP(0x451b118, 0x4574ef0, 0xc00018eee0, 0xc000199800)
	/usr/local/Cellar/go/1.16.3/libexec/src/net/http/server.go:2069 +0x44
net/http.(*ServeMux).ServeHTTP(0x4776640, 0x4574ef0, 0xc00018eee0, 0xc000199800)
	/usr/local/Cellar/go/1.16.3/libexec/src/net/http/server.go:2448 +0x1ad
net/http.serverHandler.ServeHTTP(0xc00018e000, 0x4574ef0, 0xc00018eee0, 0xc000199800)
	/usr/local/Cellar/go/1.16.3/libexec/src/net/http/server.go:2887 +0xa3
net/http.(*conn).serve(0xc0001b81e0, 0x4575600, 0xc000217900)
	/usr/local/Cellar/go/1.16.3/libexec/src/net/http/server.go:1952 +0x8cd
created by net/http.(*Server).Serve
	/usr/local/Cellar/go/1.16.3/libexec/src/net/http/server.go:3013 +0x39b
2021/05/30 10:26:43 server.go:3139: http: panic serving [::1]:54710: template: index.html:12: unexpected {{end}}
goroutine 7 [running]:
net/http.(*conn).serve.func1(0xc00010ef00)
	/usr/local/Cellar/go/1.16.3/libexec/src/net/http/server.go:1824 +0x153
panic(0x449bf60, 0xc000013140)
	/usr/local/Cellar/go/1.16.3/libexec/src/runtime/panic.go:971 +0x499
text/template.Must(...)
	/usr/local/Cellar/go/1.16.3/libexec/src/text/template/helper.go:25
todo_app/app/controllers.generateHTML(0x4574ef0, 0xc0000b4000, 0x44e16e0, 0xc0000c2200, 0xc000111928, 0x3, 0x3)
	/Users/m117/go/src/todo_app/app/controllers/sever.go:17 +0x2ce
todo_app/app/controllers.index(0x4574ef0, 0xc0000b4000, 0xc00009c000)
	/Users/m117/go/src/todo_app/app/controllers/route_main.go:28 +0x3d9
net/http.HandlerFunc.ServeHTTP(0x451b118, 0x4574ef0, 0xc0000b4000, 0xc00009c000)
	/usr/local/Cellar/go/1.16.3/libexec/src/net/http/server.go:2069 +0x44
net/http.(*ServeMux).ServeHTTP(0x4776640, 0x4574ef0, 0xc0000b4000, 0xc00009c000)
	/usr/local/Cellar/go/1.16.3/libexec/src/net/http/server.go:2448 +0x1ad
net/http.serverHandler.ServeHTTP(0xc00015a000, 0x4574ef0, 0xc0000b4000, 0xc00009c000)
	/usr/local/Cellar/go/1.16.3/libexec/src/net/http/server.go:2887 +0xa3
net/http.(*conn).serve(0xc00010ef00, 0x4575600, 0xc000096000)
	/usr/local/Cellar/go/1.16.3/libexec/src/net/http/server.go:1952 +0x8cd
created by net/http.(*Server).Serve
	/usr/local/Cellar/go/1.16.3/libexec/src/net/http/server.go:3013 +0x39b
2021/05/30 10:26:43 server.go:3139: http: panic serving [::1]:54711: template: index.html:12: unexpected {{end}}
goroutine 8 [running]:
net/http.(*conn).serve.func1(0xc00010efa0)
	/usr/local/Cellar/go/1.16.3/libexec/src/net/http/server.go:1824 +0x153
panic(0x449bf60, 0xc00019c0c0)
	/usr/local/Cellar/go/1.16.3/libexec/src/runtime/panic.go:971 +0x499
text/template.Must(...)
	/usr/local/Cellar/go/1.16.3/libexec/src/text/template/helper.go:25
todo_app/app/controllers.generateHTML(0x4574ef0, 0xc00015a0e0, 0x44e16e0, 0xc00015c600, 0xc000117928, 0x3, 0x3)
	/Users/m117/go/src/todo_app/app/controllers/sever.go:17 +0x2ce
todo_app/app/controllers.index(0x4574ef0, 0xc00015a0e0, 0xc00014e100)
	/Users/m117/go/src/todo_app/app/controllers/route_main.go:28 +0x3d9
net/http.HandlerFunc.ServeHTTP(0x451b118, 0x4574ef0, 0xc00015a0e0, 0xc00014e100)
	/usr/local/Cellar/go/1.16.3/libexec/src/net/http/server.go:2069 +0x44
net/http.(*ServeMux).ServeHTTP(0x4776640, 0x4574ef0, 0xc00015a0e0, 0xc00014e100)
	/usr/local/Cellar/go/1.16.3/libexec/src/net/http/server.go:2448 +0x1ad
net/http.serverHandler.ServeHTTP(0xc00015a000, 0x4574ef0, 0xc00015a0e0, 0xc00014e100)
	/usr/local/Cellar/go/1.16.3/libexec/src/net/http/server.go:2887 +0xa3
net/http.(*conn).serve(0xc00010efa0, 0x4575600, 0xc000024500)
	/usr/local/Cellar/go/1.16.3/libexec/src/net/http/server.go:1952 +0x8cd
created by net/http.(*Server).Serve
	/usr/local/Cellar/go/1.16.3/libexec/src/net/http/server.go:3013 +0x39b
2021/05/30 10:26:43 server.go:3139: http: panic serving [::1]:54712: template: index.html:12: unexpected {{end}}
goroutine 13 [running]:
net/http.(*conn).serve.func1(0xc00010f040)
	/usr/local/Cellar/go/1.16.3/libexec/src/net/http/server.go:1824 +0x153
panic(0x449bf60, 0xc000013590)
	/usr/local/Cellar/go/1.16.3/libexec/src/runtime/panic.go:971 +0x499
text/template.Must(...)
	/usr/local/Cellar/go/1.16.3/libexec/src/text/template/helper.go:25
todo_app/app/controllers.generateHTML(0x4574ef0, 0xc00015a1c0, 0x44e16e0, 0xc00015c980, 0xc000111928, 0x3, 0x3)
	/Users/m117/go/src/todo_app/app/controllers/sever.go:17 +0x2ce
todo_app/app/controllers.index(0x4574ef0, 0xc00015a1c0, 0xc00014e200)
	/Users/m117/go/src/todo_app/app/controllers/route_main.go:28 +0x3d9
net/http.HandlerFunc.ServeHTTP(0x451b118, 0x4574ef0, 0xc00015a1c0, 0xc00014e200)
	/usr/local/Cellar/go/1.16.3/libexec/src/net/http/server.go:2069 +0x44
net/http.(*ServeMux).ServeHTTP(0x4776640, 0x4574ef0, 0xc00015a1c0, 0xc00014e200)
	/usr/local/Cellar/go/1.16.3/libexec/src/net/http/server.go:2448 +0x1ad
net/http.serverHandler.ServeHTTP(0xc00015a000, 0x4574ef0, 0xc00015a1c0, 0xc00014e200)
	/usr/local/Cellar/go/1.16.3/libexec/src/net/http/server.go:2887 +0xa3
net/http.(*conn).serve(0xc00010f040, 0x4575600, 0xc000024940)
	/usr/local/Cellar/go/1.16.3/libexec/src/net/http/server.go:1952 +0x8cd
created by net/http.(*Server).Serve
	/usr/local/Cellar/go/1.16.3/libexec/src/net/http/server.go:3013 +0x39b
